2025-04-28 00:44:40,132 INFO o.a.j.u.JMeterUtils: Setting Locale to en_EN
2025-04-28 00:44:40,145 INFO o.a.j.JMeter: Loading user properties from: /opt/homebrew/Cellar/jmeter/5.6.3/libexec/bin/user.properties
2025-04-28 00:44:40,146 INFO o.a.j.JMeter: Loading system properties from: /opt/homebrew/Cellar/jmeter/5.6.3/libexec/bin/system.properties
2025-04-28 00:44:40,149 INFO o.a.j.JMeter: Copyright (c) 1998-2024 The Apache Software Foundation
2025-04-28 00:44:40,149 INFO o.a.j.JMeter: Version 5.6.3
2025-04-28 00:44:40,149 INFO o.a.j.JMeter: java.version=21.0.6
2025-04-28 00:44:40,149 INFO o.a.j.JMeter: java.vm.name=OpenJDK 64-Bit Server VM
2025-04-28 00:44:40,149 INFO o.a.j.JMeter: os.name=Mac OS X
2025-04-28 00:44:40,149 INFO o.a.j.JMeter: os.arch=aarch64
2025-04-28 00:44:40,149 INFO o.a.j.JMeter: os.version=15.3
2025-04-28 00:44:40,149 INFO o.a.j.JMeter: file.encoding=UTF-8
2025-04-28 00:44:40,149 INFO o.a.j.JMeter: java.awt.headless=null
2025-04-28 00:44:40,149 INFO o.a.j.JMeter: Max memory     =1073741824
2025-04-28 00:44:40,149 INFO o.a.j.JMeter: Available Processors =8
2025-04-28 00:44:40,154 INFO o.a.j.JMeter: Default Locale=English (EN)
2025-04-28 00:44:40,154 INFO o.a.j.JMeter: JMeter  Locale=English (EN)
2025-04-28 00:44:40,154 INFO o.a.j.JMeter: JMeterHome=/opt/homebrew/Cellar/jmeter/5.6.3/libexec
2025-04-28 00:44:40,154 INFO o.a.j.JMeter: user.dir  =/Users/shatayu/Documents/Sem2/236/Lab2/Ongoing Updates/Code
2025-04-28 00:44:40,154 INFO o.a.j.JMeter: PWD       =/Users/shatayu/Documents/Sem2/236/Lab2/Ongoing Updates/Code
2025-04-28 00:44:40,228 INFO o.a.j.JMeter: IP: 192.168.1.93 Name: MacBookPro.attlocal.net FullName: macbookpro.attlocal.net
2025-04-28 00:44:40,238 INFO o.a.j.JMeter: Loaded icon properties from org/apache/jmeter/images/icon.properties
2025-04-28 00:44:41,569 INFO o.a.j.JMeterGuiLauncher: Setting LAF to: com.github.weisj.darklaf.DarkLaf:com.github.weisj.darklaf.theme.DarculaTheme
2025-04-28 00:44:43,987 INFO o.a.j.r.ClassFinder: Will scan jar /opt/homebrew/Cellar/jmeter/5.6.3/libexec/lib/ext/jmeter-plugins-manager-1.9.jar with filter ExtendsClassFilter [parents=[interface org.apache.jmeter.gui.action.Command], inner=false, contains=null, notContains=null]. Consider exposing JMeter plugins via META-INF/services, and add JMeter-Skip-Class-Scanning=true manifest attribute so JMeter can skip classfile scanning
2025-04-28 00:44:44,072 INFO o.a.j.r.ClassFinder: Will scan jar /opt/homebrew/Cellar/jmeter/5.6.3/libexec/lib/ext/jmeter-plugins-manager-1.9.jar with filter ExtendsClassFilter [parents=[interface org.apache.jmeter.gui.plugin.MenuCreator], inner=false, contains=null, notContains=null]. Consider exposing JMeter plugins via META-INF/services, and add JMeter-Skip-Class-Scanning=true manifest attribute so JMeter can skip classfile scanning
2025-04-28 00:44:44,136 INFO o.j.r.JARSourceHTTP: Requesting https://jmeter-plugins.org/repo/?installID=mac_os_x-9c2c3110b4c43ca8a1769d34d310bc9d-gui
2025-04-28 00:44:45,226 INFO o.j.r.PluginManager: Plugins Status: [jpgc-plugins-manager=1.9, jmeter-core=5.6.3, jmeter-ftp=5.6.3, jmeter-http=5.6.3, jmeter-jdbc=5.6.3, jmeter-jms=5.6.3, jmeter-junit=5.6.3, jmeter-java=5.6.3, jmeter-ldap=5.6.3, jmeter-mail=5.6.3, jmeter-mongodb=5.6.3, jmeter-native=5.6.3, jmeter-tcp=5.6.3, jmeter-components=5.6.3]
2025-04-28 00:44:45,226 INFO o.j.r.PluginManagerMenuItem: Plugins Manager has upgrades: [jpgc-plugins-manager]
2025-04-28 01:06:53,427 INFO o.a.j.s.FileServer: Default base='/Users/shatayu/Documents/Sem2/236/Lab2/Ongoing Updates/Code'
2025-04-28 01:10:08,488 INFO o.a.j.p.h.s.HTTPSamplerBase: Parser for text/html is org.apache.jmeter.protocol.http.parser.LagartoBasedHtmlParser
2025-04-28 01:10:08,489 INFO o.a.j.p.h.s.HTTPSamplerBase: Parser for application/xhtml+xml is org.apache.jmeter.protocol.http.parser.LagartoBasedHtmlParser
2025-04-28 01:10:08,489 INFO o.a.j.p.h.s.HTTPSamplerBase: Parser for application/xml is org.apache.jmeter.protocol.http.parser.LagartoBasedHtmlParser
2025-04-28 01:10:08,489 INFO o.a.j.p.h.s.HTTPSamplerBase: Parser for text/xml is org.apache.jmeter.protocol.http.parser.LagartoBasedHtmlParser
2025-04-28 01:10:08,489 INFO o.a.j.p.h.s.HTTPSamplerBase: Parser for text/vnd.wap.wml is org.apache.jmeter.protocol.http.parser.RegexpHTMLParser
2025-04-28 01:10:08,489 INFO o.a.j.p.h.s.HTTPSamplerBase: Parser for text/css is org.apache.jmeter.protocol.http.parser.CssParser
2025-04-28 01:25:51,803 INFO o.a.j.s.FileServer: Set new base='/Users/shatayu/Documents/Sem2/236/Lab2/Ongoing Updates/Code'
2025-04-28 01:25:51,982 INFO o.a.j.s.SaveService: Testplan (JMX) version: 2.2. Testlog (JTL) version: 2.2
2025-04-28 01:25:51,991 INFO o.a.j.s.SaveService: Using SaveService properties version 5.0
2025-04-28 01:25:51,993 INFO o.a.j.s.SaveService: Using SaveService properties file encoding UTF-8
2025-04-28 01:25:52,014 INFO o.a.j.e.StandardJMeterEngine: Running the test!
2025-04-28 01:25:52,015 INFO o.a.j.s.SampleEvent: List of sample_variables: []
2025-04-28 01:25:52,015 INFO o.a.j.s.SampleEvent: List of sample_variables: []
2025-04-28 01:25:52,017 INFO o.a.j.e.u.CompoundVariable: Note: Function class names must contain the string: '.functions.'
2025-04-28 01:25:52,017 INFO o.a.j.e.u.CompoundVariable: Note: Function class names must not contain the string: '.gui.'
2025-04-28 01:25:52,136 INFO o.a.j.r.ClassFinder: Will scan jar /opt/homebrew/Cellar/jmeter/5.6.3/libexec/lib/ext/jmeter-plugins-manager-1.9.jar with filter ExtendsClassFilter [parents=[interface org.apache.jmeter.functions.Function], inner=false, contains=null, notContains=null]. Consider exposing JMeter plugins via META-INF/services, and add JMeter-Skip-Class-Scanning=true manifest attribute so JMeter can skip classfile scanning
2025-04-28 01:25:52,184 INFO o.a.j.g.u.JMeterMenuBar: setRunning(true, *local*)
2025-04-28 01:25:52,226 INFO o.a.j.e.StandardJMeterEngine: Starting ThreadGroup: 1 : Concurrent Users
2025-04-28 01:25:52,226 INFO o.a.j.e.StandardJMeterEngine: Starting 5 threads for group Concurrent Users.
2025-04-28 01:25:52,226 INFO o.a.j.e.StandardJMeterEngine: Thread will continue on error
2025-04-28 01:25:52,226 INFO o.a.j.t.ThreadGroup: Starting thread group... number=1 threads=5 ramp-up=5 delayedStart=false
2025-04-28 01:25:52,228 INFO o.a.j.t.JMeterThread: Thread started: Concurrent Users 1-1
2025-04-28 01:25:52,229 INFO o.a.j.t.ThreadGroup: Started thread group number 1
2025-04-28 01:25:52,229 INFO o.a.j.e.StandardJMeterEngine: All thread groups have been started
2025-04-28 01:25:52,235 INFO o.a.j.p.h.s.HTTPHCAbstractImpl: Local host = MacBookPro.attlocal.net
2025-04-28 01:25:52,239 INFO o.a.j.p.h.s.HTTPHC4Impl: HTTP request retry count = 0
2025-04-28 01:25:52,240 INFO o.a.j.s.SampleResult: Note: Sample TimeStamps are START times
2025-04-28 01:25:52,240 INFO o.a.j.s.SampleResult: sampleresult.default.encoding is set to UTF-8
2025-04-28 01:25:52,240 INFO o.a.j.s.SampleResult: sampleresult.useNanoTime=true
2025-04-28 01:25:52,240 INFO o.a.j.s.SampleResult: sampleresult.nanoThreadSleep=5000
2025-04-28 01:25:52,482 INFO o.a.j.t.JMeterThread: Thread is done: Concurrent Users 1-1
2025-04-28 01:25:52,482 INFO o.a.j.t.JMeterThread: Thread finished: Concurrent Users 1-1
2025-04-28 01:25:53,232 INFO o.a.j.t.JMeterThread: Thread started: Concurrent Users 1-2
2025-04-28 01:25:53,411 INFO o.a.j.t.JMeterThread: Thread is done: Concurrent Users 1-2
2025-04-28 01:25:53,412 INFO o.a.j.t.JMeterThread: Thread finished: Concurrent Users 1-2
2025-04-28 01:25:54,228 INFO o.a.j.t.JMeterThread: Thread started: Concurrent Users 1-3
2025-04-28 01:25:54,408 INFO o.a.j.t.JMeterThread: Thread is done: Concurrent Users 1-3
2025-04-28 01:25:54,408 INFO o.a.j.t.JMeterThread: Thread finished: Concurrent Users 1-3
2025-04-28 01:25:55,231 INFO o.a.j.t.JMeterThread: Thread started: Concurrent Users 1-4
2025-04-28 01:25:55,425 INFO o.a.j.t.JMeterThread: Thread is done: Concurrent Users 1-4
2025-04-28 01:25:55,426 INFO o.a.j.t.JMeterThread: Thread finished: Concurrent Users 1-4
2025-04-28 01:25:56,232 INFO o.a.j.t.JMeterThread: Thread started: Concurrent Users 1-5
2025-04-28 01:25:56,465 INFO o.a.j.t.JMeterThread: Thread is done: Concurrent Users 1-5
2025-04-28 01:25:56,465 INFO o.a.j.t.JMeterThread: Thread finished: Concurrent Users 1-5
2025-04-28 01:25:56,466 INFO o.a.j.e.StandardJMeterEngine: Notifying test listeners of end of test
2025-04-28 01:25:56,466 INFO o.a.j.g.u.JMeterMenuBar: setRunning(false, *local*)
2025-04-28 01:26:55,850 INFO o.a.j.e.StandardJMeterEngine: Running the test!
2025-04-28 01:26:55,851 INFO o.a.j.s.SampleEvent: List of sample_variables: []
2025-04-28 01:26:55,852 INFO o.a.j.g.u.JMeterMenuBar: setRunning(true, *local*)
2025-04-28 01:26:55,898 INFO o.a.j.e.StandardJMeterEngine: Starting ThreadGroup: 1 : Concurrent Users
2025-04-28 01:26:55,898 INFO o.a.j.e.StandardJMeterEngine: Starting 5 threads for group Concurrent Users.
2025-04-28 01:26:55,898 INFO o.a.j.e.StandardJMeterEngine: Thread will continue on error
2025-04-28 01:26:55,898 INFO o.a.j.t.ThreadGroup: Starting thread group... number=1 threads=5 ramp-up=5 delayedStart=false
2025-04-28 01:26:55,899 INFO o.a.j.t.ThreadGroup: Started thread group number 1
2025-04-28 01:26:55,899 INFO o.a.j.t.JMeterThread: Thread started: Concurrent Users 1-1
2025-04-28 01:26:55,899 INFO o.a.j.e.StandardJMeterEngine: All thread groups have been started
2025-04-28 01:26:56,153 INFO o.a.j.t.JMeterThread: Thread is done: Concurrent Users 1-1
2025-04-28 01:26:56,153 INFO o.a.j.t.JMeterThread: Thread finished: Concurrent Users 1-1
2025-04-28 01:26:56,904 INFO o.a.j.t.JMeterThread: Thread started: Concurrent Users 1-2
2025-04-28 01:26:57,117 INFO o.a.j.t.JMeterThread: Thread is done: Concurrent Users 1-2
2025-04-28 01:26:57,117 INFO o.a.j.t.JMeterThread: Thread finished: Concurrent Users 1-2
2025-04-28 01:26:57,904 INFO o.a.j.t.JMeterThread: Thread started: Concurrent Users 1-3
2025-04-28 01:26:58,175 INFO o.a.j.t.JMeterThread: Thread is done: Concurrent Users 1-3
2025-04-28 01:26:58,177 INFO o.a.j.t.JMeterThread: Thread finished: Concurrent Users 1-3
2025-04-28 01:26:58,899 INFO o.a.j.t.JMeterThread: Thread started: Concurrent Users 1-4
2025-04-28 01:26:59,079 INFO o.a.j.t.JMeterThread: Thread is done: Concurrent Users 1-4
2025-04-28 01:26:59,079 INFO o.a.j.t.JMeterThread: Thread finished: Concurrent Users 1-4
2025-04-28 01:26:59,902 INFO o.a.j.t.JMeterThread: Thread started: Concurrent Users 1-5
2025-04-28 01:27:00,090 INFO o.a.j.t.JMeterThread: Thread is done: Concurrent Users 1-5
2025-04-28 01:27:00,090 INFO o.a.j.t.JMeterThread: Thread finished: Concurrent Users 1-5
2025-04-28 01:27:00,091 INFO o.a.j.e.StandardJMeterEngine: Notifying test listeners of end of test
2025-04-28 01:27:00,091 INFO o.a.j.g.u.JMeterMenuBar: setRunning(false, *local*)
2025-04-28 01:29:21,667 INFO o.a.j.e.StandardJMeterEngine: Running the test!
2025-04-28 01:29:21,672 INFO o.a.j.s.SampleEvent: List of sample_variables: []
2025-04-28 01:29:21,673 INFO o.a.j.g.u.JMeterMenuBar: setRunning(true, *local*)
2025-04-28 01:29:21,726 INFO o.a.j.e.StandardJMeterEngine: Starting ThreadGroup: 1 : Concurrent Users
2025-04-28 01:29:21,726 INFO o.a.j.e.StandardJMeterEngine: Starting 5 threads for group Concurrent Users.
2025-04-28 01:29:21,726 INFO o.a.j.e.StandardJMeterEngine: Thread will continue on error
2025-04-28 01:29:21,726 INFO o.a.j.t.ThreadGroup: Starting thread group... number=1 threads=5 ramp-up=5 delayedStart=false
2025-04-28 01:29:21,727 INFO o.a.j.t.JMeterThread: Thread started: Concurrent Users 1-1
2025-04-28 01:29:21,727 INFO o.a.j.t.ThreadGroup: Started thread group number 1
2025-04-28 01:29:21,728 INFO o.a.j.e.StandardJMeterEngine: All thread groups have been started
2025-04-28 01:29:21,980 INFO o.a.j.t.JMeterThread: Thread is done: Concurrent Users 1-1
2025-04-28 01:29:21,981 INFO o.a.j.t.JMeterThread: Thread finished: Concurrent Users 1-1
2025-04-28 01:29:22,729 INFO o.a.j.t.JMeterThread: Thread started: Concurrent Users 1-2
2025-04-28 01:29:22,963 INFO o.a.j.t.JMeterThread: Thread is done: Concurrent Users 1-2
2025-04-28 01:29:22,964 INFO o.a.j.t.JMeterThread: Thread finished: Concurrent Users 1-2
2025-04-28 01:29:23,729 INFO o.a.j.t.JMeterThread: Thread started: Concurrent Users 1-3
2025-04-28 01:29:23,990 INFO o.a.j.t.JMeterThread: Thread is done: Concurrent Users 1-3
2025-04-28 01:29:23,990 INFO o.a.j.t.JMeterThread: Thread finished: Concurrent Users 1-3
2025-04-28 01:29:24,731 INFO o.a.j.t.JMeterThread: Thread started: Concurrent Users 1-4
2025-04-28 01:29:24,959 INFO o.a.j.t.JMeterThread: Thread is done: Concurrent Users 1-4
2025-04-28 01:29:24,959 INFO o.a.j.t.JMeterThread: Thread finished: Concurrent Users 1-4
2025-04-28 01:29:25,732 INFO o.a.j.t.JMeterThread: Thread started: Concurrent Users 1-5
2025-04-28 01:29:25,913 INFO o.a.j.t.JMeterThread: Thread is done: Concurrent Users 1-5
2025-04-28 01:29:25,913 INFO o.a.j.t.JMeterThread: Thread finished: Concurrent Users 1-5
2025-04-28 01:29:25,914 INFO o.a.j.e.StandardJMeterEngine: Notifying test listeners of end of test
2025-04-28 01:29:25,914 INFO o.a.j.g.u.JMeterMenuBar: setRunning(false, *local*)
2025-04-28 01:29:45,602 INFO o.a.j.e.StandardJMeterEngine: Running the test!
2025-04-28 01:29:45,603 INFO o.a.j.s.SampleEvent: List of sample_variables: []
2025-04-28 01:29:45,604 INFO o.a.j.g.u.JMeterMenuBar: setRunning(true, *local*)
2025-04-28 01:29:45,640 INFO o.a.j.e.StandardJMeterEngine: Starting ThreadGroup: 1 : Concurrent Users
2025-04-28 01:29:45,640 INFO o.a.j.e.StandardJMeterEngine: Starting 5 threads for group Concurrent Users.
2025-04-28 01:29:45,640 INFO o.a.j.e.StandardJMeterEngine: Thread will continue on error
2025-04-28 01:29:45,640 INFO o.a.j.t.ThreadGroup: Starting thread group... number=1 threads=5 ramp-up=5 delayedStart=false
2025-04-28 01:29:45,641 INFO o.a.j.t.JMeterThread: Thread started: Concurrent Users 1-1
2025-04-28 01:29:45,642 INFO o.a.j.t.ThreadGroup: Started thread group number 1
2025-04-28 01:29:45,642 INFO o.a.j.e.StandardJMeterEngine: All thread groups have been started
2025-04-28 01:29:45,925 INFO o.a.j.t.JMeterThread: Thread is done: Concurrent Users 1-1
2025-04-28 01:29:45,925 INFO o.a.j.t.JMeterThread: Thread finished: Concurrent Users 1-1
2025-04-28 01:29:46,645 INFO o.a.j.t.JMeterThread: Thread started: Concurrent Users 1-2
2025-04-28 01:29:46,824 INFO o.a.j.t.JMeterThread: Thread is done: Concurrent Users 1-2
2025-04-28 01:29:46,824 INFO o.a.j.t.JMeterThread: Thread finished: Concurrent Users 1-2
2025-04-28 01:29:47,644 INFO o.a.j.t.JMeterThread: Thread started: Concurrent Users 1-3
2025-04-28 01:29:47,834 INFO o.a.j.t.JMeterThread: Thread is done: Concurrent Users 1-3
2025-04-28 01:29:47,834 INFO o.a.j.t.JMeterThread: Thread finished: Concurrent Users 1-3
2025-04-28 01:29:48,644 INFO o.a.j.t.JMeterThread: Thread started: Concurrent Users 1-4
2025-04-28 01:29:48,831 INFO o.a.j.t.JMeterThread: Thread is done: Concurrent Users 1-4
2025-04-28 01:29:48,832 INFO o.a.j.t.JMeterThread: Thread finished: Concurrent Users 1-4
2025-04-28 01:29:49,641 INFO o.a.j.t.JMeterThread: Thread started: Concurrent Users 1-5
2025-04-28 01:29:49,819 INFO o.a.j.t.JMeterThread: Thread is done: Concurrent Users 1-5
2025-04-28 01:29:49,819 INFO o.a.j.t.JMeterThread: Thread finished: Concurrent Users 1-5
2025-04-28 01:29:49,819 INFO o.a.j.e.StandardJMeterEngine: Notifying test listeners of end of test
2025-04-28 01:29:49,819 INFO o.a.j.g.u.JMeterMenuBar: setRunning(false, *local*)
2025-04-28 01:31:40,919 INFO o.a.j.e.StandardJMeterEngine: Running the test!
2025-04-28 01:31:40,920 INFO o.a.j.s.SampleEvent: List of sample_variables: []
2025-04-28 01:31:40,921 INFO o.a.j.g.u.JMeterMenuBar: setRunning(true, *local*)
2025-04-28 01:31:40,964 INFO o.a.j.e.StandardJMeterEngine: Starting ThreadGroup: 1 : Concurrent Users
2025-04-28 01:31:40,964 INFO o.a.j.e.StandardJMeterEngine: Starting 5 threads for group Concurrent Users.
2025-04-28 01:31:40,964 INFO o.a.j.e.StandardJMeterEngine: Thread will continue on error
2025-04-28 01:31:40,964 INFO o.a.j.t.ThreadGroup: Starting thread group... number=1 threads=5 ramp-up=5 delayedStart=false
2025-04-28 01:31:40,964 INFO o.a.j.t.JMeterThread: Thread started: Concurrent Users 1-1
2025-04-28 01:31:40,965 INFO o.a.j.t.ThreadGroup: Started thread group number 1
2025-04-28 01:31:40,965 INFO o.a.j.e.StandardJMeterEngine: All thread groups have been started
2025-04-28 01:31:41,153 INFO o.a.j.t.JMeterThread: Thread is done: Concurrent Users 1-1
2025-04-28 01:31:41,153 INFO o.a.j.t.JMeterThread: Thread finished: Concurrent Users 1-1
2025-04-28 01:31:41,970 INFO o.a.j.t.JMeterThread: Thread started: Concurrent Users 1-2
2025-04-28 01:31:42,147 INFO o.a.j.t.JMeterThread: Thread is done: Concurrent Users 1-2
2025-04-28 01:31:42,147 INFO o.a.j.t.JMeterThread: Thread finished: Concurrent Users 1-2
2025-04-28 01:31:42,969 INFO o.a.j.t.JMeterThread: Thread started: Concurrent Users 1-3
2025-04-28 01:31:43,155 INFO o.a.j.t.JMeterThread: Thread is done: Concurrent Users 1-3
2025-04-28 01:31:43,155 INFO o.a.j.t.JMeterThread: Thread finished: Concurrent Users 1-3
2025-04-28 01:31:43,969 INFO o.a.j.t.JMeterThread: Thread started: Concurrent Users 1-4
2025-04-28 01:31:44,152 INFO o.a.j.t.JMeterThread: Thread is done: Concurrent Users 1-4
2025-04-28 01:31:44,152 INFO o.a.j.t.JMeterThread: Thread finished: Concurrent Users 1-4
2025-04-28 01:31:44,969 INFO o.a.j.t.JMeterThread: Thread started: Concurrent Users 1-5
2025-04-28 01:31:45,149 INFO o.a.j.t.JMeterThread: Thread is done: Concurrent Users 1-5
2025-04-28 01:31:45,149 INFO o.a.j.t.JMeterThread: Thread finished: Concurrent Users 1-5
2025-04-28 01:31:45,150 INFO o.a.j.e.StandardJMeterEngine: Notifying test listeners of end of test
2025-04-28 01:31:45,150 INFO o.a.j.g.u.JMeterMenuBar: setRunning(false, *local*)
2025-04-28 01:33:10,889 INFO o.a.j.e.StandardJMeterEngine: Running the test!
2025-04-28 01:33:10,889 INFO o.a.j.s.SampleEvent: List of sample_variables: []
2025-04-28 01:33:10,890 INFO o.a.j.g.u.JMeterMenuBar: setRunning(true, *local*)
2025-04-28 01:33:10,932 INFO o.a.j.e.StandardJMeterEngine: Starting ThreadGroup: 1 : Concurrent Users
2025-04-28 01:33:10,932 INFO o.a.j.e.StandardJMeterEngine: Starting 5 threads for group Concurrent Users.
2025-04-28 01:33:10,932 INFO o.a.j.e.StandardJMeterEngine: Thread will continue on error
2025-04-28 01:33:10,932 INFO o.a.j.t.ThreadGroup: Starting thread group... number=1 threads=5 ramp-up=5 delayedStart=false
2025-04-28 01:33:10,933 INFO o.a.j.t.JMeterThread: Thread started: Concurrent Users 1-1
2025-04-28 01:33:10,933 INFO o.a.j.t.ThreadGroup: Started thread group number 1
2025-04-28 01:33:10,933 INFO o.a.j.e.StandardJMeterEngine: All thread groups have been started
2025-04-28 01:33:11,126 INFO o.a.j.t.JMeterThread: Thread is done: Concurrent Users 1-1
2025-04-28 01:33:11,126 INFO o.a.j.t.JMeterThread: Thread finished: Concurrent Users 1-1
2025-04-28 01:33:11,939 INFO o.a.j.t.JMeterThread: Thread started: Concurrent Users 1-2
2025-04-28 01:33:12,139 INFO o.a.j.t.JMeterThread: Thread is done: Concurrent Users 1-2
2025-04-28 01:33:12,140 INFO o.a.j.t.JMeterThread: Thread finished: Concurrent Users 1-2
2025-04-28 01:33:12,937 INFO o.a.j.t.JMeterThread: Thread started: Concurrent Users 1-3
2025-04-28 01:33:13,181 INFO o.a.j.t.JMeterThread: Thread is done: Concurrent Users 1-3
2025-04-28 01:33:13,181 INFO o.a.j.t.JMeterThread: Thread finished: Concurrent Users 1-3
2025-04-28 01:33:13,937 INFO o.a.j.t.JMeterThread: Thread started: Concurrent Users 1-4
2025-04-28 01:33:14,159 INFO o.a.j.t.JMeterThread: Thread is done: Concurrent Users 1-4
2025-04-28 01:33:14,160 INFO o.a.j.t.JMeterThread: Thread finished: Concurrent Users 1-4
2025-04-28 01:33:14,933 INFO o.a.j.t.JMeterThread: Thread started: Concurrent Users 1-5
2025-04-28 01:33:15,193 INFO o.a.j.t.JMeterThread: Thread is done: Concurrent Users 1-5
2025-04-28 01:33:15,193 INFO o.a.j.t.JMeterThread: Thread finished: Concurrent Users 1-5
2025-04-28 01:33:15,193 INFO o.a.j.e.StandardJMeterEngine: Notifying test listeners of end of test
2025-04-28 01:33:15,193 INFO o.a.j.g.u.JMeterMenuBar: setRunning(false, *local*)
2025-04-28 01:33:19,419 INFO o.a.j.e.StandardJMeterEngine: Running the test!
2025-04-28 01:33:19,420 INFO o.a.j.s.SampleEvent: List of sample_variables: []
2025-04-28 01:33:19,420 INFO o.a.j.g.u.JMeterMenuBar: setRunning(true, *local*)
2025-04-28 01:33:19,439 INFO o.a.j.e.StandardJMeterEngine: Starting ThreadGroup: 1 : Concurrent Users
2025-04-28 01:33:19,439 INFO o.a.j.e.StandardJMeterEngine: Starting 5 threads for group Concurrent Users.
2025-04-28 01:33:19,439 INFO o.a.j.e.StandardJMeterEngine: Thread will continue on error
2025-04-28 01:33:19,439 INFO o.a.j.t.ThreadGroup: Starting thread group... number=1 threads=5 ramp-up=5 delayedStart=false
2025-04-28 01:33:19,440 INFO o.a.j.t.JMeterThread: Thread started: Concurrent Users 1-1
2025-04-28 01:33:19,440 INFO o.a.j.t.ThreadGroup: Started thread group number 1
2025-04-28 01:33:19,440 INFO o.a.j.e.StandardJMeterEngine: All thread groups have been started
2025-04-28 01:33:19,620 INFO o.a.j.t.JMeterThread: Thread is done: Concurrent Users 1-1
2025-04-28 01:33:19,621 INFO o.a.j.t.JMeterThread: Thread finished: Concurrent Users 1-1
2025-04-28 01:33:20,444 INFO o.a.j.t.JMeterThread: Thread started: Concurrent Users 1-2
2025-04-28 01:33:20,624 INFO o.a.j.t.JMeterThread: Thread is done: Concurrent Users 1-2
2025-04-28 01:33:20,624 INFO o.a.j.t.JMeterThread: Thread finished: Concurrent Users 1-2
2025-04-28 01:33:21,445 INFO o.a.j.t.JMeterThread: Thread started: Concurrent Users 1-3
2025-04-28 01:33:21,635 INFO o.a.j.t.JMeterThread: Thread is done: Concurrent Users 1-3
2025-04-28 01:33:21,635 INFO o.a.j.t.JMeterThread: Thread finished: Concurrent Users 1-3
2025-04-28 01:33:22,441 INFO o.a.j.t.JMeterThread: Thread started: Concurrent Users 1-4
2025-04-28 01:33:22,629 INFO o.a.j.t.JMeterThread: Thread is done: Concurrent Users 1-4
2025-04-28 01:33:22,629 INFO o.a.j.t.JMeterThread: Thread finished: Concurrent Users 1-4
2025-04-28 01:33:23,442 INFO o.a.j.t.JMeterThread: Thread started: Concurrent Users 1-5
2025-04-28 01:33:23,660 INFO o.a.j.t.JMeterThread: Thread is done: Concurrent Users 1-5
2025-04-28 01:33:23,661 INFO o.a.j.t.JMeterThread: Thread finished: Concurrent Users 1-5
2025-04-28 01:33:23,664 INFO o.a.j.e.StandardJMeterEngine: Notifying test listeners of end of test
2025-04-28 01:33:23,664 INFO o.a.j.g.u.JMeterMenuBar: setRunning(false, *local*)
2025-04-28 01:33:58,673 INFO o.a.j.e.StandardJMeterEngine: Running the test!
2025-04-28 01:33:58,674 INFO o.a.j.s.SampleEvent: List of sample_variables: []
2025-04-28 01:33:58,675 INFO o.a.j.g.u.JMeterMenuBar: setRunning(true, *local*)
2025-04-28 01:33:58,712 INFO o.a.j.e.StandardJMeterEngine: Starting ThreadGroup: 1 : Concurrent Users
2025-04-28 01:33:58,712 INFO o.a.j.e.StandardJMeterEngine: Starting 50 threads for group Concurrent Users.
2025-04-28 01:33:58,712 INFO o.a.j.e.StandardJMeterEngine: Thread will continue on error
2025-04-28 01:33:58,712 INFO o.a.j.t.ThreadGroup: Starting thread group... number=1 threads=50 ramp-up=5 delayedStart=false
2025-04-28 01:33:58,713 INFO o.a.j.t.JMeterThread: Thread started: Concurrent Users 1-1
2025-04-28 01:33:58,724 INFO o.a.j.t.ThreadGroup: Started thread group number 1
2025-04-28 01:33:58,724 INFO o.a.j.e.StandardJMeterEngine: All thread groups have been started
2025-04-28 01:33:58,815 INFO o.a.j.t.JMeterThread: Thread started: Concurrent Users 1-2
2025-04-28 01:33:58,914 INFO o.a.j.t.JMeterThread: Thread started: Concurrent Users 1-3
2025-04-28 01:33:58,914 INFO o.a.j.t.JMeterThread: Thread is done: Concurrent Users 1-1
2025-04-28 01:33:58,914 INFO o.a.j.t.JMeterThread: Thread finished: Concurrent Users 1-1
2025-04-28 01:33:59,000 INFO o.a.j.t.JMeterThread: Thread is done: Concurrent Users 1-2
2025-04-28 01:33:59,000 INFO o.a.j.t.JMeterThread: Thread finished: Concurrent Users 1-2
2025-04-28 01:33:59,017 INFO o.a.j.t.JMeterThread: Thread started: Concurrent Users 1-4
2025-04-28 01:33:59,119 INFO o.a.j.t.JMeterThread: Thread started: Concurrent Users 1-5
2025-04-28 01:33:59,144 INFO o.a.j.t.JMeterThread: Thread is done: Concurrent Users 1-3
2025-04-28 01:33:59,144 INFO o.a.j.t.JMeterThread: Thread finished: Concurrent Users 1-3
2025-04-28 01:33:59,219 INFO o.a.j.t.JMeterThread: Thread started: Concurrent Users 1-6
2025-04-28 01:33:59,231 INFO o.a.j.t.JMeterThread: Thread is done: Concurrent Users 1-4
2025-04-28 01:33:59,231 INFO o.a.j.t.JMeterThread: Thread finished: Concurrent Users 1-4
2025-04-28 01:33:59,310 INFO o.a.j.t.JMeterThread: Thread is done: Concurrent Users 1-5
2025-04-28 01:33:59,310 INFO o.a.j.t.JMeterThread: Thread finished: Concurrent Users 1-5
2025-04-28 01:33:59,317 INFO o.a.j.t.JMeterThread: Thread started: Concurrent Users 1-7
2025-04-28 01:33:59,391 INFO o.a.j.t.JMeterThread: Thread is done: Concurrent Users 1-6
2025-04-28 01:33:59,391 INFO o.a.j.t.JMeterThread: Thread finished: Concurrent Users 1-6
2025-04-28 01:33:59,418 INFO o.a.j.t.JMeterThread: Thread started: Concurrent Users 1-8
2025-04-28 01:33:59,487 INFO o.a.j.t.JMeterThread: Thread is done: Concurrent Users 1-7
2025-04-28 01:33:59,487 INFO o.a.j.t.JMeterThread: Thread finished: Concurrent Users 1-7
2025-04-28 01:33:59,515 INFO o.a.j.t.JMeterThread: Thread started: Concurrent Users 1-9
2025-04-28 01:33:59,624 INFO o.a.j.t.JMeterThread: Thread started: Concurrent Users 1-10
2025-04-28 01:33:59,689 INFO o.a.j.t.JMeterThread: Thread is done: Concurrent Users 1-8
2025-04-28 01:33:59,689 INFO o.a.j.t.JMeterThread: Thread finished: Concurrent Users 1-8
2025-04-28 01:33:59,719 INFO o.a.j.t.JMeterThread: Thread started: Concurrent Users 1-11
2025-04-28 01:33:59,771 INFO o.a.j.t.JMeterThread: Thread is done: Concurrent Users 1-9
2025-04-28 01:33:59,772 INFO o.a.j.t.JMeterThread: Thread finished: Concurrent Users 1-9
2025-04-28 01:33:59,820 INFO o.a.j.t.JMeterThread: Thread started: Concurrent Users 1-12
2025-04-28 01:33:59,831 INFO o.a.j.t.JMeterThread: Thread is done: Concurrent Users 1-10
2025-04-28 01:33:59,831 INFO o.a.j.t.JMeterThread: Thread finished: Concurrent Users 1-10
2025-04-28 01:33:59,897 INFO o.a.j.t.JMeterThread: Thread is done: Concurrent Users 1-11
2025-04-28 01:33:59,897 INFO o.a.j.t.JMeterThread: Thread finished: Concurrent Users 1-11
2025-04-28 01:33:59,919 INFO o.a.j.t.JMeterThread: Thread started: Concurrent Users 1-13
2025-04-28 01:33:59,990 INFO o.a.j.t.JMeterThread: Thread is done: Concurrent Users 1-12
2025-04-28 01:33:59,990 INFO o.a.j.t.JMeterThread: Thread finished: Concurrent Users 1-12
2025-04-28 01:34:00,016 INFO o.a.j.t.JMeterThread: Thread started: Concurrent Users 1-14
2025-04-28 01:34:00,117 INFO o.a.j.t.JMeterThread: Thread started: Concurrent Users 1-15
2025-04-28 01:34:00,198 INFO o.a.j.t.JMeterThread: Thread is done: Concurrent Users 1-13
2025-04-28 01:34:00,199 INFO o.a.j.t.JMeterThread: Thread finished: Concurrent Users 1-13
2025-04-28 01:34:00,220 INFO o.a.j.t.JMeterThread: Thread started: Concurrent Users 1-16
2025-04-28 01:34:00,275 INFO o.a.j.t.JMeterThread: Thread is done: Concurrent Users 1-14
2025-04-28 01:34:00,275 INFO o.a.j.t.JMeterThread: Thread finished: Concurrent Users 1-14
2025-04-28 01:34:00,316 INFO o.a.j.t.JMeterThread: Thread started: Concurrent Users 1-17
2025-04-28 01:34:00,362 INFO o.a.j.t.JMeterThread: Thread is done: Concurrent Users 1-15
2025-04-28 01:34:00,362 INFO o.a.j.t.JMeterThread: Thread finished: Concurrent Users 1-15
2025-04-28 01:34:00,395 INFO o.a.j.t.JMeterThread: Thread is done: Concurrent Users 1-16
2025-04-28 01:34:00,396 INFO o.a.j.t.JMeterThread: Thread finished: Concurrent Users 1-16
2025-04-28 01:34:00,413 INFO o.a.j.t.JMeterThread: Thread started: Concurrent Users 1-18
2025-04-28 01:34:00,498 INFO o.a.j.t.JMeterThread: Thread is done: Concurrent Users 1-17
2025-04-28 01:34:00,498 INFO o.a.j.t.JMeterThread: Thread finished: Concurrent Users 1-17
2025-04-28 01:34:00,515 INFO o.a.j.t.JMeterThread: Thread started: Concurrent Users 1-19
2025-04-28 01:34:00,591 INFO o.a.j.t.JMeterThread: Thread is done: Concurrent Users 1-18
2025-04-28 01:34:00,591 INFO o.a.j.t.JMeterThread: Thread finished: Concurrent Users 1-18
2025-04-28 01:34:00,619 INFO o.a.j.t.JMeterThread: Thread started: Concurrent Users 1-20
2025-04-28 01:34:00,716 INFO o.a.j.t.JMeterThread: Thread is done: Concurrent Users 1-19
2025-04-28 01:34:00,717 INFO o.a.j.t.JMeterThread: Thread finished: Concurrent Users 1-19
2025-04-28 01:34:00,719 INFO o.a.j.t.JMeterThread: Thread started: Concurrent Users 1-21
2025-04-28 01:34:00,817 INFO o.a.j.t.JMeterThread: Thread started: Concurrent Users 1-22
2025-04-28 01:34:00,887 INFO o.a.j.t.JMeterThread: Thread is done: Concurrent Users 1-20
2025-04-28 01:34:00,887 INFO o.a.j.t.JMeterThread: Thread finished: Concurrent Users 1-20
2025-04-28 01:34:00,889 INFO o.a.j.t.JMeterThread: Thread is done: Concurrent Users 1-21
2025-04-28 01:34:00,889 INFO o.a.j.t.JMeterThread: Thread finished: Concurrent Users 1-21
2025-04-28 01:34:00,915 INFO o.a.j.t.JMeterThread: Thread started: Concurrent Users 1-23
2025-04-28 01:34:01,003 INFO o.a.j.t.JMeterThread: Thread is done: Concurrent Users 1-22
2025-04-28 01:34:01,004 INFO o.a.j.t.JMeterThread: Thread finished: Concurrent Users 1-22
2025-04-28 01:34:01,015 INFO o.a.j.t.JMeterThread: Thread started: Concurrent Users 1-24
2025-04-28 01:34:01,096 INFO o.a.j.t.JMeterThread: Thread is done: Concurrent Users 1-23
2025-04-28 01:34:01,097 INFO o.a.j.t.JMeterThread: Thread finished: Concurrent Users 1-23
2025-04-28 01:34:01,115 INFO o.a.j.t.JMeterThread: Thread started: Concurrent Users 1-25
2025-04-28 01:34:01,218 INFO o.a.j.t.JMeterThread: Thread started: Concurrent Users 1-26
2025-04-28 01:34:01,249 INFO o.a.j.t.JMeterThread: Thread is done: Concurrent Users 1-24
2025-04-28 01:34:01,250 INFO o.a.j.t.JMeterThread: Thread finished: Concurrent Users 1-24
2025-04-28 01:34:01,314 INFO o.a.j.t.JMeterThread: Thread started: Concurrent Users 1-27
2025-04-28 01:34:01,332 INFO o.a.j.t.JMeterThread: Thread is done: Concurrent Users 1-25
2025-04-28 01:34:01,336 INFO o.a.j.t.JMeterThread: Thread finished: Concurrent Users 1-25
2025-04-28 01:34:01,408 INFO o.a.j.t.JMeterThread: Thread is done: Concurrent Users 1-26
2025-04-28 01:34:01,409 INFO o.a.j.t.JMeterThread: Thread finished: Concurrent Users 1-26
2025-04-28 01:34:01,416 INFO o.a.j.t.JMeterThread: Thread started: Concurrent Users 1-28
2025-04-28 01:34:01,495 INFO o.a.j.t.JMeterThread: Thread is done: Concurrent Users 1-27
2025-04-28 01:34:01,495 INFO o.a.j.t.JMeterThread: Thread finished: Concurrent Users 1-27
2025-04-28 01:34:01,519 INFO o.a.j.t.JMeterThread: Thread started: Concurrent Users 1-29
2025-04-28 01:34:01,596 INFO o.a.j.t.JMeterThread: Thread is done: Concurrent Users 1-28
2025-04-28 01:34:01,597 INFO o.a.j.t.JMeterThread: Thread finished: Concurrent Users 1-28
2025-04-28 01:34:01,618 INFO o.a.j.t.JMeterThread: Thread started: Concurrent Users 1-30
2025-04-28 01:34:01,720 INFO o.a.j.t.JMeterThread: Thread started: Concurrent Users 1-31
2025-04-28 01:34:01,772 INFO o.a.j.t.JMeterThread: Thread is done: Concurrent Users 1-29
2025-04-28 01:34:01,773 INFO o.a.j.t.JMeterThread: Thread finished: Concurrent Users 1-29
2025-04-28 01:34:01,819 INFO o.a.j.t.JMeterThread: Thread started: Concurrent Users 1-32
2025-04-28 01:34:01,861 INFO o.a.j.t.JMeterThread: Thread is done: Concurrent Users 1-30
2025-04-28 01:34:01,862 INFO o.a.j.t.JMeterThread: Thread finished: Concurrent Users 1-30
2025-04-28 01:34:01,919 INFO o.a.j.t.JMeterThread: Thread started: Concurrent Users 1-33
2025-04-28 01:34:01,937 INFO o.a.j.t.JMeterThread: Thread is done: Concurrent Users 1-31
2025-04-28 01:34:01,937 INFO o.a.j.t.JMeterThread: Thread finished: Concurrent Users 1-31
2025-04-28 01:34:02,014 INFO o.a.j.t.JMeterThread: Thread is done: Concurrent Users 1-32
2025-04-28 01:34:02,014 INFO o.a.j.t.JMeterThread: Thread finished: Concurrent Users 1-32
2025-04-28 01:34:02,018 INFO o.a.j.t.JMeterThread: Thread started: Concurrent Users 1-34
2025-04-28 01:34:02,105 INFO o.a.j.t.JMeterThread: Thread is done: Concurrent Users 1-33
2025-04-28 01:34:02,106 INFO o.a.j.t.JMeterThread: Thread finished: Concurrent Users 1-33
2025-04-28 01:34:02,119 INFO o.a.j.t.JMeterThread: Thread started: Concurrent Users 1-35
2025-04-28 01:34:02,196 INFO o.a.j.t.JMeterThread: Thread is done: Concurrent Users 1-34
2025-04-28 01:34:02,197 INFO o.a.j.t.JMeterThread: Thread finished: Concurrent Users 1-34
2025-04-28 01:34:02,216 INFO o.a.j.t.JMeterThread: Thread started: Concurrent Users 1-36
2025-04-28 01:34:02,318 INFO o.a.j.t.JMeterThread: Thread started: Concurrent Users 1-37
2025-04-28 01:34:02,378 INFO o.a.j.t.JMeterThread: Thread is done: Concurrent Users 1-35
2025-04-28 01:34:02,378 INFO o.a.j.t.JMeterThread: Thread finished: Concurrent Users 1-35
2025-04-28 01:34:02,416 INFO o.a.j.t.JMeterThread: Thread started: Concurrent Users 1-38
2025-04-28 01:34:02,454 INFO o.a.j.t.JMeterThread: Thread is done: Concurrent Users 1-36
2025-04-28 01:34:02,454 INFO o.a.j.t.JMeterThread: Thread finished: Concurrent Users 1-36
2025-04-28 01:34:02,493 INFO o.a.j.t.JMeterThread: Thread is done: Concurrent Users 1-37
2025-04-28 01:34:02,494 INFO o.a.j.t.JMeterThread: Thread finished: Concurrent Users 1-37
2025-04-28 01:34:02,519 INFO o.a.j.t.JMeterThread: Thread started: Concurrent Users 1-39
2025-04-28 01:34:02,588 INFO o.a.j.t.JMeterThread: Thread is done: Concurrent Users 1-38
2025-04-28 01:34:02,588 INFO o.a.j.t.JMeterThread: Thread finished: Concurrent Users 1-38
2025-04-28 01:34:02,615 INFO o.a.j.t.JMeterThread: Thread started: Concurrent Users 1-40
2025-04-28 01:34:02,713 INFO o.a.j.t.JMeterThread: Thread is done: Concurrent Users 1-39
2025-04-28 01:34:02,713 INFO o.a.j.t.JMeterThread: Thread finished: Concurrent Users 1-39
2025-04-28 01:34:02,718 INFO o.a.j.t.JMeterThread: Thread started: Concurrent Users 1-41
2025-04-28 01:34:02,820 INFO o.a.j.t.JMeterThread: Thread started: Concurrent Users 1-42
2025-04-28 01:34:02,823 INFO o.a.j.t.JMeterThread: Thread is done: Concurrent Users 1-40
2025-04-28 01:34:02,823 INFO o.a.j.t.JMeterThread: Thread finished: Concurrent Users 1-40
2025-04-28 01:34:02,919 INFO o.a.j.t.JMeterThread: Thread started: Concurrent Users 1-43
2025-04-28 01:34:02,996 INFO o.a.j.t.JMeterThread: Thread is done: Concurrent Users 1-42
2025-04-28 01:34:02,996 INFO o.a.j.t.JMeterThread: Thread finished: Concurrent Users 1-42
2025-04-28 01:34:02,999 INFO o.a.j.t.JMeterThread: Thread is done: Concurrent Users 1-41
2025-04-28 01:34:02,999 INFO o.a.j.t.JMeterThread: Thread finished: Concurrent Users 1-41
2025-04-28 01:34:03,017 INFO o.a.j.t.JMeterThread: Thread started: Concurrent Users 1-44
2025-04-28 01:34:03,111 INFO o.a.j.t.JMeterThread: Thread is done: Concurrent Users 1-43
2025-04-28 01:34:03,111 INFO o.a.j.t.JMeterThread: Thread finished: Concurrent Users 1-43
2025-04-28 01:34:03,119 INFO o.a.j.t.JMeterThread: Thread started: Concurrent Users 1-45
2025-04-28 01:34:03,198 INFO o.a.j.t.JMeterThread: Thread is done: Concurrent Users 1-44
2025-04-28 01:34:03,198 INFO o.a.j.t.JMeterThread: Thread finished: Concurrent Users 1-44
2025-04-28 01:34:03,218 INFO o.a.j.t.JMeterThread: Thread started: Concurrent Users 1-46
2025-04-28 01:34:03,316 INFO o.a.j.t.JMeterThread: Thread started: Concurrent Users 1-47
2025-04-28 01:34:03,339 INFO o.a.j.t.JMeterThread: Thread is done: Concurrent Users 1-45
2025-04-28 01:34:03,340 INFO o.a.j.t.JMeterThread: Thread finished: Concurrent Users 1-45
2025-04-28 01:34:03,415 INFO o.a.j.t.JMeterThread: Thread started: Concurrent Users 1-48
2025-04-28 01:34:03,425 INFO o.a.j.t.JMeterThread: Thread is done: Concurrent Users 1-46
2025-04-28 01:34:03,425 INFO o.a.j.t.JMeterThread: Thread finished: Concurrent Users 1-46
2025-04-28 01:34:03,502 INFO o.a.j.t.JMeterThread: Thread is done: Concurrent Users 1-47
2025-04-28 01:34:03,503 INFO o.a.j.t.JMeterThread: Thread finished: Concurrent Users 1-47
2025-04-28 01:34:03,517 INFO o.a.j.t.JMeterThread: Thread started: Concurrent Users 1-49
2025-04-28 01:34:03,590 INFO o.a.j.t.JMeterThread: Thread is done: Concurrent Users 1-48
2025-04-28 01:34:03,592 INFO o.a.j.t.JMeterThread: Thread finished: Concurrent Users 1-48
2025-04-28 01:34:03,616 INFO o.a.j.t.JMeterThread: Thread started: Concurrent Users 1-50
2025-04-28 01:34:03,700 INFO o.a.j.t.JMeterThread: Thread is done: Concurrent Users 1-49
2025-04-28 01:34:03,700 INFO o.a.j.t.JMeterThread: Thread finished: Concurrent Users 1-49
2025-04-28 01:34:03,865 INFO o.a.j.t.JMeterThread: Thread is done: Concurrent Users 1-50
2025-04-28 01:34:03,865 INFO o.a.j.t.JMeterThread: Thread finished: Concurrent Users 1-50
2025-04-28 01:34:03,865 INFO o.a.j.e.StandardJMeterEngine: Notifying test listeners of end of test
2025-04-28 01:34:03,865 INFO o.a.j.g.u.JMeterMenuBar: setRunning(false, *local*)
2025-04-28 01:40:26,952 INFO o.a.j.e.StandardJMeterEngine: Running the test!
2025-04-28 01:40:26,953 INFO o.a.j.s.SampleEvent: List of sample_variables: []
2025-04-28 01:40:26,954 INFO o.a.j.g.u.JMeterMenuBar: setRunning(true, *local*)
2025-04-28 01:40:27,003 INFO o.a.j.e.StandardJMeterEngine: Starting ThreadGroup: 1 : Concurrent Users
2025-04-28 01:40:27,003 INFO o.a.j.e.StandardJMeterEngine: Starting 50 threads for group Concurrent Users.
2025-04-28 01:40:27,003 INFO o.a.j.e.StandardJMeterEngine: Thread will continue on error
2025-04-28 01:40:27,004 INFO o.a.j.t.ThreadGroup: Starting thread group... number=1 threads=50 ramp-up=5 delayedStart=false
2025-04-28 01:40:27,004 INFO o.a.j.t.JMeterThread: Thread started: Concurrent Users 1-1
2025-04-28 01:40:27,030 INFO o.a.j.t.ThreadGroup: Started thread group number 1
2025-04-28 01:40:27,031 INFO o.a.j.e.StandardJMeterEngine: All thread groups have been started
2025-04-28 01:40:27,108 INFO o.a.j.t.JMeterThread: Thread started: Concurrent Users 1-2
2025-04-28 01:40:27,209 INFO o.a.j.t.JMeterThread: Thread started: Concurrent Users 1-3
2025-04-28 01:40:27,288 INFO o.a.j.t.JMeterThread: Thread is done: Concurrent Users 1-1
2025-04-28 01:40:27,288 INFO o.a.j.t.JMeterThread: Thread finished: Concurrent Users 1-1
2025-04-28 01:40:27,289 INFO o.a.j.t.JMeterThread: Thread is done: Concurrent Users 1-2
2025-04-28 01:40:27,290 INFO o.a.j.t.JMeterThread: Thread finished: Concurrent Users 1-2
2025-04-28 01:40:27,306 INFO o.a.j.t.JMeterThread: Thread started: Concurrent Users 1-4
2025-04-28 01:40:27,400 INFO o.a.j.t.JMeterThread: Thread is done: Concurrent Users 1-3
2025-04-28 01:40:27,400 INFO o.a.j.t.JMeterThread: Thread finished: Concurrent Users 1-3
2025-04-28 01:40:27,405 INFO o.a.j.t.JMeterThread: Thread started: Concurrent Users 1-5
2025-04-28 01:40:27,494 INFO o.a.j.t.JMeterThread: Thread is done: Concurrent Users 1-4
2025-04-28 01:40:27,495 INFO o.a.j.t.JMeterThread: Thread finished: Concurrent Users 1-4
2025-04-28 01:40:27,508 INFO o.a.j.t.JMeterThread: Thread started: Concurrent Users 1-6
2025-04-28 01:40:27,606 INFO o.a.j.t.JMeterThread: Thread started: Concurrent Users 1-7
2025-04-28 01:40:27,627 INFO o.a.j.t.JMeterThread: Thread is done: Concurrent Users 1-5
2025-04-28 01:40:27,627 INFO o.a.j.t.JMeterThread: Thread finished: Concurrent Users 1-5
2025-04-28 01:40:27,705 INFO o.a.j.t.JMeterThread: Thread started: Concurrent Users 1-8
2025-04-28 01:40:27,717 INFO o.a.j.t.JMeterThread: Thread is done: Concurrent Users 1-6
2025-04-28 01:40:27,717 INFO o.a.j.t.JMeterThread: Thread finished: Concurrent Users 1-6
2025-04-28 01:40:27,793 INFO o.a.j.t.JMeterThread: Thread is done: Concurrent Users 1-7
2025-04-28 01:40:27,794 INFO o.a.j.t.JMeterThread: Thread finished: Concurrent Users 1-7
2025-04-28 01:40:27,808 INFO o.a.j.t.JMeterThread: Thread started: Concurrent Users 1-9
2025-04-28 01:40:27,894 INFO o.a.j.t.JMeterThread: Thread is done: Concurrent Users 1-8
2025-04-28 01:40:27,894 INFO o.a.j.t.JMeterThread: Thread finished: Concurrent Users 1-8
2025-04-28 01:40:27,907 INFO o.a.j.t.JMeterThread: Thread started: Concurrent Users 1-10
2025-04-28 01:40:27,989 INFO o.a.j.t.JMeterThread: Thread is done: Concurrent Users 1-9
2025-04-28 01:40:27,989 INFO o.a.j.t.JMeterThread: Thread finished: Concurrent Users 1-9
2025-04-28 01:40:28,009 INFO o.a.j.t.JMeterThread: Thread started: Concurrent Users 1-11
2025-04-28 01:40:28,109 INFO o.a.j.t.JMeterThread: Thread started: Concurrent Users 1-12
2025-04-28 01:40:28,152 INFO o.a.j.t.JMeterThread: Thread is done: Concurrent Users 1-10
2025-04-28 01:40:28,152 INFO o.a.j.t.JMeterThread: Thread finished: Concurrent Users 1-10
2025-04-28 01:40:28,208 INFO o.a.j.t.JMeterThread: Thread started: Concurrent Users 1-13
2025-04-28 01:40:28,245 INFO o.a.j.t.JMeterThread: Thread is done: Concurrent Users 1-11
2025-04-28 01:40:28,245 INFO o.a.j.t.JMeterThread: Thread finished: Concurrent Users 1-11
2025-04-28 01:40:28,306 INFO o.a.j.t.JMeterThread: Thread started: Concurrent Users 1-14
2025-04-28 01:40:28,309 INFO o.a.j.t.JMeterThread: Thread is done: Concurrent Users 1-12
2025-04-28 01:40:28,309 INFO o.a.j.t.JMeterThread: Thread finished: Concurrent Users 1-12
2025-04-28 01:40:28,389 INFO o.a.j.t.JMeterThread: Thread is done: Concurrent Users 1-13
2025-04-28 01:40:28,389 INFO o.a.j.t.JMeterThread: Thread finished: Concurrent Users 1-13
2025-04-28 01:40:28,410 INFO o.a.j.t.JMeterThread: Thread started: Concurrent Users 1-15
2025-04-28 01:40:28,482 INFO o.a.j.t.JMeterThread: Thread is done: Concurrent Users 1-14
2025-04-28 01:40:28,482 INFO o.a.j.t.JMeterThread: Thread finished: Concurrent Users 1-14
2025-04-28 01:40:28,507 INFO o.a.j.t.JMeterThread: Thread started: Concurrent Users 1-16
2025-04-28 01:40:28,620 INFO o.a.j.t.JMeterThread: Thread started: Concurrent Users 1-17
2025-04-28 01:40:28,675 INFO o.a.j.t.JMeterThread: Thread is done: Concurrent Users 1-15
2025-04-28 01:40:28,675 INFO o.a.j.t.JMeterThread: Thread finished: Concurrent Users 1-15
2025-04-28 01:40:28,707 INFO o.a.j.t.JMeterThread: Thread started: Concurrent Users 1-18
2025-04-28 01:40:28,779 INFO o.a.j.t.JMeterThread: Thread is done: Concurrent Users 1-16
2025-04-28 01:40:28,779 INFO o.a.j.t.JMeterThread: Thread finished: Concurrent Users 1-16
2025-04-28 01:40:28,804 INFO o.a.j.t.JMeterThread: Thread started: Concurrent Users 1-19
2025-04-28 01:40:28,833 INFO o.a.j.t.JMeterThread: Thread is done: Concurrent Users 1-17
2025-04-28 01:40:28,833 INFO o.a.j.t.JMeterThread: Thread finished: Concurrent Users 1-17
2025-04-28 01:40:28,890 INFO o.a.j.t.JMeterThread: Thread is done: Concurrent Users 1-18
2025-04-28 01:40:28,890 INFO o.a.j.t.JMeterThread: Thread finished: Concurrent Users 1-18
2025-04-28 01:40:28,906 INFO o.a.j.t.JMeterThread: Thread started: Concurrent Users 1-20
2025-04-28 01:40:28,979 INFO o.a.j.t.JMeterThread: Thread is done: Concurrent Users 1-19
2025-04-28 01:40:28,979 INFO o.a.j.t.JMeterThread: Thread finished: Concurrent Users 1-19
2025-04-28 01:40:29,004 INFO o.a.j.t.JMeterThread: Thread started: Concurrent Users 1-21
2025-04-28 01:40:29,082 INFO o.a.j.t.JMeterThread: Thread is done: Concurrent Users 1-20
2025-04-28 01:40:29,082 INFO o.a.j.t.JMeterThread: Thread finished: Concurrent Users 1-20
2025-04-28 01:40:29,107 INFO o.a.j.t.JMeterThread: Thread started: Concurrent Users 1-22
2025-04-28 01:40:29,196 INFO o.a.j.t.JMeterThread: Thread is done: Concurrent Users 1-21
2025-04-28 01:40:29,196 INFO o.a.j.t.JMeterThread: Thread finished: Concurrent Users 1-21
2025-04-28 01:40:29,207 INFO o.a.j.t.JMeterThread: Thread started: Concurrent Users 1-23
2025-04-28 01:40:29,309 INFO o.a.j.t.JMeterThread: Thread started: Concurrent Users 1-24
2025-04-28 01:40:29,363 INFO o.a.j.t.JMeterThread: Thread is done: Concurrent Users 1-22
2025-04-28 01:40:29,363 INFO o.a.j.t.JMeterThread: Thread finished: Concurrent Users 1-22
2025-04-28 01:40:29,379 INFO o.a.j.t.JMeterThread: Thread is done: Concurrent Users 1-23
2025-04-28 01:40:29,379 INFO o.a.j.t.JMeterThread: Thread finished: Concurrent Users 1-23
2025-04-28 01:40:29,409 INFO o.a.j.t.JMeterThread: Thread started: Concurrent Users 1-25
2025-04-28 01:40:29,481 INFO o.a.j.t.JMeterThread: Thread is done: Concurrent Users 1-24
2025-04-28 01:40:29,481 INFO o.a.j.t.JMeterThread: Thread finished: Concurrent Users 1-24
2025-04-28 01:40:29,508 INFO o.a.j.t.JMeterThread: Thread started: Concurrent Users 1-26
2025-04-28 01:40:29,579 INFO o.a.j.t.JMeterThread: Thread is done: Concurrent Users 1-25
2025-04-28 01:40:29,579 INFO o.a.j.t.JMeterThread: Thread finished: Concurrent Users 1-25
2025-04-28 01:40:29,612 INFO o.a.j.t.JMeterThread: Thread started: Concurrent Users 1-27
2025-04-28 01:40:29,711 INFO o.a.j.t.JMeterThread: Thread started: Concurrent Users 1-28
2025-04-28 01:40:29,723 INFO o.a.j.t.JMeterThread: Thread is done: Concurrent Users 1-26
2025-04-28 01:40:29,723 INFO o.a.j.t.JMeterThread: Thread finished: Concurrent Users 1-26
2025-04-28 01:40:29,809 INFO o.a.j.t.JMeterThread: Thread started: Concurrent Users 1-29
2025-04-28 01:40:29,812 INFO o.a.j.t.JMeterThread: Thread is done: Concurrent Users 1-27
2025-04-28 01:40:29,812 INFO o.a.j.t.JMeterThread: Thread finished: Concurrent Users 1-27
2025-04-28 01:40:29,886 INFO o.a.j.t.JMeterThread: Thread is done: Concurrent Users 1-28
2025-04-28 01:40:29,886 INFO o.a.j.t.JMeterThread: Thread finished: Concurrent Users 1-28
2025-04-28 01:40:29,909 INFO o.a.j.t.JMeterThread: Thread started: Concurrent Users 1-30
2025-04-28 01:40:29,996 INFO o.a.j.t.JMeterThread: Thread is done: Concurrent Users 1-29
2025-04-28 01:40:29,996 INFO o.a.j.t.JMeterThread: Thread finished: Concurrent Users 1-29
2025-04-28 01:40:30,010 INFO o.a.j.t.JMeterThread: Thread started: Concurrent Users 1-31
2025-04-28 01:40:30,109 INFO o.a.j.t.JMeterThread: Thread started: Concurrent Users 1-32
2025-04-28 01:40:30,211 INFO o.a.j.t.JMeterThread: Thread started: Concurrent Users 1-33
2025-04-28 01:40:30,255 INFO o.a.j.t.JMeterThread: Thread is done: Concurrent Users 1-31
2025-04-28 01:40:30,255 INFO o.a.j.t.JMeterThread: Thread finished: Concurrent Users 1-31
2025-04-28 01:40:30,257 INFO o.a.j.t.JMeterThread: Thread is done: Concurrent Users 1-30
2025-04-28 01:40:30,257 INFO o.a.j.t.JMeterThread: Thread finished: Concurrent Users 1-30
2025-04-28 01:40:30,311 INFO o.a.j.t.JMeterThread: Thread started: Concurrent Users 1-34
2025-04-28 01:40:30,341 INFO o.a.j.t.JMeterThread: Thread is done: Concurrent Users 1-32
2025-04-28 01:40:30,341 INFO o.a.j.t.JMeterThread: Thread finished: Concurrent Users 1-32
2025-04-28 01:40:30,403 INFO o.a.j.t.JMeterThread: Thread is done: Concurrent Users 1-33
2025-04-28 01:40:30,403 INFO o.a.j.t.JMeterThread: Thread finished: Concurrent Users 1-33
2025-04-28 01:40:30,411 INFO o.a.j.t.JMeterThread: Thread started: Concurrent Users 1-35
2025-04-28 01:40:30,482 INFO o.a.j.t.JMeterThread: Thread is done: Concurrent Users 1-34
2025-04-28 01:40:30,483 INFO o.a.j.t.JMeterThread: Thread finished: Concurrent Users 1-34
2025-04-28 01:40:30,506 INFO o.a.j.t.JMeterThread: Thread started: Concurrent Users 1-36
2025-04-28 01:40:30,583 INFO o.a.j.t.JMeterThread: Thread is done: Concurrent Users 1-35
2025-04-28 01:40:30,583 INFO o.a.j.t.JMeterThread: Thread finished: Concurrent Users 1-35
2025-04-28 01:40:30,610 INFO o.a.j.t.JMeterThread: Thread started: Concurrent Users 1-37
2025-04-28 01:40:30,679 INFO o.a.j.t.JMeterThread: Thread is done: Concurrent Users 1-36
2025-04-28 01:40:30,679 INFO o.a.j.t.JMeterThread: Thread finished: Concurrent Users 1-36
2025-04-28 01:40:30,710 INFO o.a.j.t.JMeterThread: Thread started: Concurrent Users 1-38
2025-04-28 01:40:30,805 INFO o.a.j.t.JMeterThread: Thread started: Concurrent Users 1-39
2025-04-28 01:40:30,866 INFO o.a.j.t.JMeterThread: Thread is done: Concurrent Users 1-37
2025-04-28 01:40:30,866 INFO o.a.j.t.JMeterThread: Thread finished: Concurrent Users 1-37
2025-04-28 01:40:30,911 INFO o.a.j.t.JMeterThread: Thread started: Concurrent Users 1-40
2025-04-28 01:40:30,938 INFO o.a.j.t.JMeterThread: Thread is done: Concurrent Users 1-38
2025-04-28 01:40:30,939 INFO o.a.j.t.JMeterThread: Thread finished: Concurrent Users 1-38
2025-04-28 01:40:30,989 INFO o.a.j.t.JMeterThread: Thread is done: Concurrent Users 1-39
2025-04-28 01:40:30,990 INFO o.a.j.t.JMeterThread: Thread finished: Concurrent Users 1-39
2025-04-28 01:40:31,007 INFO o.a.j.t.JMeterThread: Thread started: Concurrent Users 1-41
2025-04-28 01:40:31,085 INFO o.a.j.t.JMeterThread: Thread is done: Concurrent Users 1-40
2025-04-28 01:40:31,086 INFO o.a.j.t.JMeterThread: Thread finished: Concurrent Users 1-40
2025-04-28 01:40:31,109 INFO o.a.j.t.JMeterThread: Thread started: Concurrent Users 1-42
2025-04-28 01:40:31,194 INFO o.a.j.t.JMeterThread: Thread is done: Concurrent Users 1-41
2025-04-28 01:40:31,194 INFO o.a.j.t.JMeterThread: Thread finished: Concurrent Users 1-41
2025-04-28 01:40:31,210 INFO o.a.j.t.JMeterThread: Thread started: Concurrent Users 1-43
2025-04-28 01:40:31,309 INFO o.a.j.t.JMeterThread: Thread started: Concurrent Users 1-44
2025-04-28 01:40:31,389 INFO o.a.j.t.JMeterThread: Thread is done: Concurrent Users 1-42
2025-04-28 01:40:31,389 INFO o.a.j.t.JMeterThread: Thread finished: Concurrent Users 1-42
2025-04-28 01:40:31,406 INFO o.a.j.t.JMeterThread: Thread started: Concurrent Users 1-45
2025-04-28 01:40:31,488 INFO o.a.j.t.JMeterThread: Thread is done: Concurrent Users 1-43
2025-04-28 01:40:31,488 INFO o.a.j.t.JMeterThread: Thread finished: Concurrent Users 1-43
2025-04-28 01:40:31,489 INFO o.a.j.t.JMeterThread: Thread is done: Concurrent Users 1-44
2025-04-28 01:40:31,489 INFO o.a.j.t.JMeterThread: Thread finished: Concurrent Users 1-44
2025-04-28 01:40:31,507 INFO o.a.j.t.JMeterThread: Thread started: Concurrent Users 1-46
2025-04-28 01:40:31,590 INFO o.a.j.t.JMeterThread: Thread is done: Concurrent Users 1-45
2025-04-28 01:40:31,590 INFO o.a.j.t.JMeterThread: Thread finished: Concurrent Users 1-45
2025-04-28 01:40:31,609 INFO o.a.j.t.JMeterThread: Thread started: Concurrent Users 1-47
2025-04-28 01:40:31,676 INFO o.a.j.t.JMeterThread: Thread is done: Concurrent Users 1-46
2025-04-28 01:40:31,676 INFO o.a.j.t.JMeterThread: Thread finished: Concurrent Users 1-46
2025-04-28 01:40:31,708 INFO o.a.j.t.JMeterThread: Thread started: Concurrent Users 1-48
2025-04-28 01:40:31,809 INFO o.a.j.t.JMeterThread: Thread started: Concurrent Users 1-49
2025-04-28 01:40:31,819 INFO o.a.j.t.JMeterThread: Thread is done: Concurrent Users 1-47
2025-04-28 01:40:31,819 INFO o.a.j.t.JMeterThread: Thread finished: Concurrent Users 1-47
2025-04-28 01:40:31,903 INFO o.a.j.t.JMeterThread: Thread is done: Concurrent Users 1-48
2025-04-28 01:40:31,903 INFO o.a.j.t.JMeterThread: Thread finished: Concurrent Users 1-48
2025-04-28 01:40:31,910 INFO o.a.j.t.JMeterThread: Thread started: Concurrent Users 1-50
2025-04-28 01:40:31,987 INFO o.a.j.t.JMeterThread: Thread is done: Concurrent Users 1-49
2025-04-28 01:40:31,987 INFO o.a.j.t.JMeterThread: Thread finished: Concurrent Users 1-49
2025-04-28 01:40:32,080 INFO o.a.j.t.JMeterThread: Thread is done: Concurrent Users 1-50
2025-04-28 01:40:32,080 INFO o.a.j.t.JMeterThread: Thread finished: Concurrent Users 1-50
2025-04-28 01:40:32,080 INFO o.a.j.e.StandardJMeterEngine: Notifying test listeners of end of test
2025-04-28 01:40:32,081 INFO o.a.j.g.u.JMeterMenuBar: setRunning(false, *local*)
2025-04-28 01:41:06,044 INFO o.a.j.e.StandardJMeterEngine: Running the test!
2025-04-28 01:41:06,045 INFO o.a.j.s.SampleEvent: List of sample_variables: []
2025-04-28 01:41:06,045 INFO o.a.j.g.u.JMeterMenuBar: setRunning(true, *local*)
2025-04-28 01:41:06,091 INFO o.a.j.e.StandardJMeterEngine: Starting ThreadGroup: 1 : Concurrent Users
2025-04-28 01:41:06,091 INFO o.a.j.e.StandardJMeterEngine: Starting 50 threads for group Concurrent Users.
2025-04-28 01:41:06,091 INFO o.a.j.e.StandardJMeterEngine: Thread will continue on error
2025-04-28 01:41:06,091 INFO o.a.j.t.ThreadGroup: Starting thread group... number=1 threads=50 ramp-up=5 delayedStart=false
2025-04-28 01:41:06,092 INFO o.a.j.t.JMeterThread: Thread started: Concurrent Users 1-1
2025-04-28 01:41:06,109 INFO o.a.j.t.ThreadGroup: Started thread group number 1
2025-04-28 01:41:06,109 INFO o.a.j.e.StandardJMeterEngine: All thread groups have been started
2025-04-28 01:41:06,196 INFO o.a.j.t.JMeterThread: Thread started: Concurrent Users 1-2
2025-04-28 01:41:06,296 INFO o.a.j.t.JMeterThread: Thread is done: Concurrent Users 1-1
2025-04-28 01:41:06,296 INFO o.a.j.t.JMeterThread: Thread finished: Concurrent Users 1-1
2025-04-28 01:41:06,296 INFO o.a.j.t.JMeterThread: Thread started: Concurrent Users 1-3
2025-04-28 01:41:06,392 INFO o.a.j.t.JMeterThread: Thread started: Concurrent Users 1-4
2025-04-28 01:41:06,423 INFO o.a.j.t.JMeterThread: Thread is done: Concurrent Users 1-2
2025-04-28 01:41:06,423 INFO o.a.j.t.JMeterThread: Thread finished: Concurrent Users 1-2
2025-04-28 01:41:06,494 INFO o.a.j.t.JMeterThread: Thread started: Concurrent Users 1-5
2025-04-28 01:41:06,513 INFO o.a.j.t.JMeterThread: Thread is done: Concurrent Users 1-3
2025-04-28 01:41:06,513 INFO o.a.j.t.JMeterThread: Thread finished: Concurrent Users 1-3
2025-04-28 01:41:06,584 INFO o.a.j.t.JMeterThread: Thread is done: Concurrent Users 1-4
2025-04-28 01:41:06,584 INFO o.a.j.t.JMeterThread: Thread finished: Concurrent Users 1-4
2025-04-28 01:41:06,595 INFO o.a.j.t.JMeterThread: Thread started: Concurrent Users 1-6
2025-04-28 01:41:06,667 INFO o.a.j.t.JMeterThread: Thread is done: Concurrent Users 1-5
2025-04-28 01:41:06,668 INFO o.a.j.t.JMeterThread: Thread finished: Concurrent Users 1-5
2025-04-28 01:41:06,697 INFO o.a.j.t.JMeterThread: Thread started: Concurrent Users 1-7
2025-04-28 01:41:06,765 INFO o.a.j.t.JMeterThread: Thread is done: Concurrent Users 1-6
2025-04-28 01:41:06,765 INFO o.a.j.t.JMeterThread: Thread finished: Concurrent Users 1-6
2025-04-28 01:41:06,796 INFO o.a.j.t.JMeterThread: Thread started: Concurrent Users 1-8
2025-04-28 01:41:06,897 INFO o.a.j.t.JMeterThread: Thread started: Concurrent Users 1-9
2025-04-28 01:41:06,953 INFO o.a.j.t.JMeterThread: Thread is done: Concurrent Users 1-7
2025-04-28 01:41:06,953 INFO o.a.j.t.JMeterThread: Thread finished: Concurrent Users 1-7
2025-04-28 01:41:06,993 INFO o.a.j.t.JMeterThread: Thread started: Concurrent Users 1-10
2025-04-28 01:41:07,038 INFO o.a.j.t.JMeterThread: Thread is done: Concurrent Users 1-8
2025-04-28 01:41:07,039 INFO o.a.j.t.JMeterThread: Thread finished: Concurrent Users 1-8
2025-04-28 01:41:07,094 INFO o.a.j.t.JMeterThread: Thread started: Concurrent Users 1-11
2025-04-28 01:41:07,113 INFO o.a.j.t.JMeterThread: Thread is done: Concurrent Users 1-9
2025-04-28 01:41:07,113 INFO o.a.j.t.JMeterThread: Thread finished: Concurrent Users 1-9
2025-04-28 01:41:07,172 INFO o.a.j.t.JMeterThread: Thread is done: Concurrent Users 1-10
2025-04-28 01:41:07,172 INFO o.a.j.t.JMeterThread: Thread finished: Concurrent Users 1-10
2025-04-28 01:41:07,197 INFO o.a.j.t.JMeterThread: Thread started: Concurrent Users 1-12
2025-04-28 01:41:07,258 INFO o.a.j.t.JMeterThread: Thread is done: Concurrent Users 1-11
2025-04-28 01:41:07,258 INFO o.a.j.t.JMeterThread: Thread finished: Concurrent Users 1-11
2025-04-28 01:41:07,292 INFO o.a.j.t.JMeterThread: Thread started: Concurrent Users 1-13
2025-04-28 01:41:07,369 INFO o.a.j.t.JMeterThread: Thread is done: Concurrent Users 1-12
2025-04-28 01:41:07,369 INFO o.a.j.t.JMeterThread: Thread finished: Concurrent Users 1-12
2025-04-28 01:41:07,397 INFO o.a.j.t.JMeterThread: Thread started: Concurrent Users 1-14
2025-04-28 01:41:07,494 INFO o.a.j.t.JMeterThread: Thread started: Concurrent Users 1-15
2025-04-28 01:41:07,555 INFO o.a.j.t.JMeterThread: Thread is done: Concurrent Users 1-13
2025-04-28 01:41:07,555 INFO o.a.j.t.JMeterThread: Thread finished: Concurrent Users 1-13
2025-04-28 01:41:07,592 INFO o.a.j.t.JMeterThread: Thread started: Concurrent Users 1-16
2025-04-28 01:41:07,636 INFO o.a.j.t.JMeterThread: Thread is done: Concurrent Users 1-14
2025-04-28 01:41:07,636 INFO o.a.j.t.JMeterThread: Thread finished: Concurrent Users 1-14
2025-04-28 01:41:07,676 INFO o.a.j.t.JMeterThread: Thread is done: Concurrent Users 1-15
2025-04-28 01:41:07,676 INFO o.a.j.t.JMeterThread: Thread finished: Concurrent Users 1-15
2025-04-28 01:41:07,692 INFO o.a.j.t.JMeterThread: Thread started: Concurrent Users 1-17
2025-04-28 01:41:07,765 INFO o.a.j.t.JMeterThread: Thread is done: Concurrent Users 1-16
2025-04-28 01:41:07,765 INFO o.a.j.t.JMeterThread: Thread finished: Concurrent Users 1-16
2025-04-28 01:41:07,793 INFO o.a.j.t.JMeterThread: Thread started: Concurrent Users 1-18
2025-04-28 01:41:07,871 INFO o.a.j.t.JMeterThread: Thread is done: Concurrent Users 1-17
2025-04-28 01:41:07,871 INFO o.a.j.t.JMeterThread: Thread finished: Concurrent Users 1-17
2025-04-28 01:41:07,896 INFO o.a.j.t.JMeterThread: Thread started: Concurrent Users 1-19
2025-04-28 01:41:07,997 INFO o.a.j.t.JMeterThread: Thread started: Concurrent Users 1-20
2025-04-28 01:41:08,006 INFO o.a.j.t.JMeterThread: Thread is done: Concurrent Users 1-18
2025-04-28 01:41:08,006 INFO o.a.j.t.JMeterThread: Thread finished: Concurrent Users 1-18
2025-04-28 01:41:08,093 INFO o.a.j.t.JMeterThread: Thread started: Concurrent Users 1-21
2025-04-28 01:41:08,171 INFO o.a.j.t.JMeterThread: Thread is done: Concurrent Users 1-19
2025-04-28 01:41:08,171 INFO o.a.j.t.JMeterThread: Thread finished: Concurrent Users 1-19
2025-04-28 01:41:08,181 INFO o.a.j.t.JMeterThread: Thread is done: Concurrent Users 1-20
2025-04-28 01:41:08,181 INFO o.a.j.t.JMeterThread: Thread finished: Concurrent Users 1-20
2025-04-28 01:41:08,195 INFO o.a.j.t.JMeterThread: Thread started: Concurrent Users 1-22
2025-04-28 01:41:08,270 INFO o.a.j.t.JMeterThread: Thread is done: Concurrent Users 1-21
2025-04-28 01:41:08,270 INFO o.a.j.t.JMeterThread: Thread finished: Concurrent Users 1-21
2025-04-28 01:41:08,296 INFO o.a.j.t.JMeterThread: Thread started: Concurrent Users 1-23
2025-04-28 01:41:08,356 INFO o.a.j.t.JMeterThread: Thread is done: Concurrent Users 1-22
2025-04-28 01:41:08,357 INFO o.a.j.t.JMeterThread: Thread finished: Concurrent Users 1-22
2025-04-28 01:41:08,391 INFO o.a.j.t.JMeterThread: Thread started: Concurrent Users 1-24
2025-04-28 01:41:08,494 INFO o.a.j.t.JMeterThread: Thread started: Concurrent Users 1-25
2025-04-28 01:41:08,519 INFO o.a.j.t.JMeterThread: Thread is done: Concurrent Users 1-23
2025-04-28 01:41:08,519 INFO o.a.j.t.JMeterThread: Thread finished: Concurrent Users 1-23
2025-04-28 01:41:08,591 INFO o.a.j.t.JMeterThread: Thread started: Concurrent Users 1-26
2025-04-28 01:41:08,604 INFO o.a.j.t.JMeterThread: Thread is done: Concurrent Users 1-24
2025-04-28 01:41:08,605 INFO o.a.j.t.JMeterThread: Thread finished: Concurrent Users 1-24
2025-04-28 01:41:08,691 INFO o.a.j.t.JMeterThread: Thread is done: Concurrent Users 1-25
2025-04-28 01:41:08,691 INFO o.a.j.t.JMeterThread: Thread finished: Concurrent Users 1-25
2025-04-28 01:41:08,695 INFO o.a.j.t.JMeterThread: Thread started: Concurrent Users 1-27
2025-04-28 01:41:08,775 INFO o.a.j.t.JMeterThread: Thread is done: Concurrent Users 1-26
2025-04-28 01:41:08,776 INFO o.a.j.t.JMeterThread: Thread finished: Concurrent Users 1-26
2025-04-28 01:41:08,793 INFO o.a.j.t.JMeterThread: Thread started: Concurrent Users 1-28
2025-04-28 01:41:08,870 INFO o.a.j.t.JMeterThread: Thread is done: Concurrent Users 1-27
2025-04-28 01:41:08,871 INFO o.a.j.t.JMeterThread: Thread finished: Concurrent Users 1-27
2025-04-28 01:41:08,892 INFO o.a.j.t.JMeterThread: Thread started: Concurrent Users 1-29
2025-04-28 01:41:08,998 INFO o.a.j.t.JMeterThread: Thread started: Concurrent Users 1-30
2025-04-28 01:41:09,057 INFO o.a.j.t.JMeterThread: Thread is done: Concurrent Users 1-28
2025-04-28 01:41:09,057 INFO o.a.j.t.JMeterThread: Thread finished: Concurrent Users 1-28
2025-04-28 01:41:09,096 INFO o.a.j.t.JMeterThread: Thread started: Concurrent Users 1-31
2025-04-28 01:41:09,146 INFO o.a.j.t.JMeterThread: Thread is done: Concurrent Users 1-29
2025-04-28 01:41:09,147 INFO o.a.j.t.JMeterThread: Thread finished: Concurrent Users 1-29
2025-04-28 01:41:09,196 INFO o.a.j.t.JMeterThread: Thread started: Concurrent Users 1-32
2025-04-28 01:41:09,203 INFO o.a.j.t.JMeterThread: Thread is done: Concurrent Users 1-30
2025-04-28 01:41:09,203 INFO o.a.j.t.JMeterThread: Thread finished: Concurrent Users 1-30
2025-04-28 01:41:09,287 INFO o.a.j.t.JMeterThread: Thread is done: Concurrent Users 1-31
2025-04-28 01:41:09,288 INFO o.a.j.t.JMeterThread: Thread finished: Concurrent Users 1-31
2025-04-28 01:41:09,295 INFO o.a.j.t.JMeterThread: Thread started: Concurrent Users 1-33
2025-04-28 01:41:09,378 INFO o.a.j.t.JMeterThread: Thread is done: Concurrent Users 1-32
2025-04-28 01:41:09,378 INFO o.a.j.t.JMeterThread: Thread finished: Concurrent Users 1-32
2025-04-28 01:41:09,398 INFO o.a.j.t.JMeterThread: Thread started: Concurrent Users 1-34
2025-04-28 01:41:09,477 INFO o.a.j.t.JMeterThread: Thread is done: Concurrent Users 1-33
2025-04-28 01:41:09,478 INFO o.a.j.t.JMeterThread: Thread finished: Concurrent Users 1-33
2025-04-28 01:41:09,495 INFO o.a.j.t.JMeterThread: Thread started: Concurrent Users 1-35
2025-04-28 01:41:09,596 INFO o.a.j.t.JMeterThread: Thread started: Concurrent Users 1-36
2025-04-28 01:41:09,666 INFO o.a.j.t.JMeterThread: Thread is done: Concurrent Users 1-34
2025-04-28 01:41:09,666 INFO o.a.j.t.JMeterThread: Thread finished: Concurrent Users 1-34
2025-04-28 01:41:09,696 INFO o.a.j.t.JMeterThread: Thread started: Concurrent Users 1-37
2025-04-28 01:41:09,732 INFO o.a.j.t.JMeterThread: Thread is done: Concurrent Users 1-35
2025-04-28 01:41:09,732 INFO o.a.j.t.JMeterThread: Thread finished: Concurrent Users 1-35
2025-04-28 01:41:09,772 INFO o.a.j.t.JMeterThread: Thread is done: Concurrent Users 1-36
2025-04-28 01:41:09,772 INFO o.a.j.t.JMeterThread: Thread finished: Concurrent Users 1-36
2025-04-28 01:41:09,792 INFO o.a.j.t.JMeterThread: Thread started: Concurrent Users 1-38
2025-04-28 01:41:09,866 INFO o.a.j.t.JMeterThread: Thread is done: Concurrent Users 1-37
2025-04-28 01:41:09,867 INFO o.a.j.t.JMeterThread: Thread finished: Concurrent Users 1-37
2025-04-28 01:41:09,894 INFO o.a.j.t.JMeterThread: Thread started: Concurrent Users 1-39
2025-04-28 01:41:09,972 INFO o.a.j.t.JMeterThread: Thread is done: Concurrent Users 1-38
2025-04-28 01:41:09,972 INFO o.a.j.t.JMeterThread: Thread finished: Concurrent Users 1-38
2025-04-28 01:41:09,995 INFO o.a.j.t.JMeterThread: Thread started: Concurrent Users 1-40
2025-04-28 01:41:10,096 INFO o.a.j.t.JMeterThread: Thread started: Concurrent Users 1-41
2025-04-28 01:41:10,100 INFO o.a.j.t.JMeterThread: Thread is done: Concurrent Users 1-39
2025-04-28 01:41:10,100 INFO o.a.j.t.JMeterThread: Thread finished: Concurrent Users 1-39
2025-04-28 01:41:10,198 INFO o.a.j.t.JMeterThread: Thread started: Concurrent Users 1-42
2025-04-28 01:41:10,255 INFO o.a.j.t.JMeterThread: Thread is done: Concurrent Users 1-40
2025-04-28 01:41:10,256 INFO o.a.j.t.JMeterThread: Thread finished: Concurrent Users 1-40
2025-04-28 01:41:10,288 INFO o.a.j.t.JMeterThread: Thread is done: Concurrent Users 1-41
2025-04-28 01:41:10,288 INFO o.a.j.t.JMeterThread: Thread finished: Concurrent Users 1-41
2025-04-28 01:41:10,293 INFO o.a.j.t.JMeterThread: Thread started: Concurrent Users 1-43
2025-04-28 01:41:10,369 INFO o.a.j.t.JMeterThread: Thread is done: Concurrent Users 1-42
2025-04-28 01:41:10,370 INFO o.a.j.t.JMeterThread: Thread finished: Concurrent Users 1-42
2025-04-28 01:41:10,396 INFO o.a.j.t.JMeterThread: Thread started: Concurrent Users 1-44
2025-04-28 01:41:10,461 INFO o.a.j.t.JMeterThread: Thread is done: Concurrent Users 1-43
2025-04-28 01:41:10,461 INFO o.a.j.t.JMeterThread: Thread finished: Concurrent Users 1-43
2025-04-28 01:41:10,491 INFO o.a.j.t.JMeterThread: Thread started: Concurrent Users 1-45
2025-04-28 01:41:10,597 INFO o.a.j.t.JMeterThread: Thread started: Concurrent Users 1-46
2025-04-28 01:41:10,632 INFO o.a.j.t.JMeterThread: Thread is done: Concurrent Users 1-44
2025-04-28 01:41:10,633 INFO o.a.j.t.JMeterThread: Thread finished: Concurrent Users 1-44
2025-04-28 01:41:10,697 INFO o.a.j.t.JMeterThread: Thread started: Concurrent Users 1-47
2025-04-28 01:41:10,714 INFO o.a.j.t.JMeterThread: Thread is done: Concurrent Users 1-45
2025-04-28 01:41:10,714 INFO o.a.j.t.JMeterThread: Thread finished: Concurrent Users 1-45
2025-04-28 01:41:10,798 INFO o.a.j.t.JMeterThread: Thread started: Concurrent Users 1-48
2025-04-28 01:41:10,802 INFO o.a.j.t.JMeterThread: Thread is done: Concurrent Users 1-46
2025-04-28 01:41:10,802 INFO o.a.j.t.JMeterThread: Thread finished: Concurrent Users 1-46
2025-04-28 01:41:10,892 INFO o.a.j.t.JMeterThread: Thread started: Concurrent Users 1-49
2025-04-28 01:41:10,892 INFO o.a.j.t.JMeterThread: Thread is done: Concurrent Users 1-47
2025-04-28 01:41:10,892 INFO o.a.j.t.JMeterThread: Thread finished: Concurrent Users 1-47
2025-04-28 01:41:10,993 INFO o.a.j.t.JMeterThread: Thread is done: Concurrent Users 1-48
2025-04-28 01:41:10,993 INFO o.a.j.t.JMeterThread: Thread finished: Concurrent Users 1-48
2025-04-28 01:41:10,995 INFO o.a.j.t.JMeterThread: Thread started: Concurrent Users 1-50
2025-04-28 01:41:11,145 INFO o.a.j.t.JMeterThread: Thread is done: Concurrent Users 1-49
2025-04-28 01:41:11,145 INFO o.a.j.t.JMeterThread: Thread finished: Concurrent Users 1-49
2025-04-28 01:41:11,245 INFO o.a.j.t.JMeterThread: Thread is done: Concurrent Users 1-50
2025-04-28 01:41:11,245 INFO o.a.j.t.JMeterThread: Thread finished: Concurrent Users 1-50
2025-04-28 01:41:11,246 INFO o.a.j.e.StandardJMeterEngine: Notifying test listeners of end of test
2025-04-28 01:41:11,246 INFO o.a.j.g.u.JMeterMenuBar: setRunning(false, *local*)
2025-04-28 01:43:00,071 INFO o.a.j.e.StandardJMeterEngine: Running the test!
2025-04-28 01:43:00,071 INFO o.a.j.s.SampleEvent: List of sample_variables: []
2025-04-28 01:43:00,072 INFO o.a.j.g.u.JMeterMenuBar: setRunning(true, *local*)
2025-04-28 01:43:00,120 INFO o.a.j.e.StandardJMeterEngine: Starting ThreadGroup: 1 : Concurrent Users
2025-04-28 01:43:00,120 INFO o.a.j.e.StandardJMeterEngine: Starting 50 threads for group Concurrent Users.
2025-04-28 01:43:00,120 INFO o.a.j.e.StandardJMeterEngine: Thread will continue on error
2025-04-28 01:43:00,120 INFO o.a.j.t.ThreadGroup: Starting thread group... number=1 threads=50 ramp-up=5 delayedStart=false
2025-04-28 01:43:00,121 INFO o.a.j.t.JMeterThread: Thread started: Concurrent Users 1-1
2025-04-28 01:43:00,131 INFO o.a.j.t.ThreadGroup: Started thread group number 1
2025-04-28 01:43:00,131 INFO o.a.j.e.StandardJMeterEngine: All thread groups have been started
2025-04-28 01:43:00,226 INFO o.a.j.t.JMeterThread: Thread started: Concurrent Users 1-2
2025-04-28 01:43:00,326 INFO o.a.j.t.JMeterThread: Thread started: Concurrent Users 1-3
2025-04-28 01:43:00,422 INFO o.a.j.t.JMeterThread: Thread started: Concurrent Users 1-4
2025-04-28 01:43:00,525 INFO o.a.j.t.JMeterThread: Thread started: Concurrent Users 1-5
2025-04-28 01:43:00,629 INFO o.a.j.t.JMeterThread: Thread started: Concurrent Users 1-6
2025-04-28 01:43:00,709 INFO o.a.j.t.JMeterThread: Thread is done: Concurrent Users 1-1
2025-04-28 01:43:00,709 INFO o.a.j.t.JMeterThread: Thread finished: Concurrent Users 1-1
2025-04-28 01:43:00,725 INFO o.a.j.t.JMeterThread: Thread started: Concurrent Users 1-7
2025-04-28 01:43:00,781 INFO o.a.j.t.JMeterThread: Thread is done: Concurrent Users 1-2
2025-04-28 01:43:00,781 INFO o.a.j.t.JMeterThread: Thread finished: Concurrent Users 1-2
2025-04-28 01:43:00,825 INFO o.a.j.t.JMeterThread: Thread started: Concurrent Users 1-8
2025-04-28 01:43:00,886 INFO o.a.j.t.JMeterThread: Thread is done: Concurrent Users 1-3
2025-04-28 01:43:00,886 INFO o.a.j.t.JMeterThread: Thread finished: Concurrent Users 1-3
2025-04-28 01:43:00,926 INFO o.a.j.t.JMeterThread: Thread started: Concurrent Users 1-9
2025-04-28 01:43:00,971 INFO o.a.j.t.JMeterThread: Thread is done: Concurrent Users 1-4
2025-04-28 01:43:00,971 INFO o.a.j.t.JMeterThread: Thread finished: Concurrent Users 1-4
2025-04-28 01:43:01,026 INFO o.a.j.t.JMeterThread: Thread started: Concurrent Users 1-10
2025-04-28 01:43:01,125 INFO o.a.j.t.JMeterThread: Thread started: Concurrent Users 1-11
2025-04-28 01:43:01,224 INFO o.a.j.t.JMeterThread: Thread started: Concurrent Users 1-12
2025-04-28 01:43:01,306 INFO o.a.j.t.JMeterThread: Thread is done: Concurrent Users 1-7
2025-04-28 01:43:01,306 INFO o.a.j.t.JMeterThread: Thread finished: Concurrent Users 1-7
2025-04-28 01:43:01,326 INFO o.a.j.t.JMeterThread: Thread started: Concurrent Users 1-13
2025-04-28 01:43:01,395 INFO o.a.j.t.JMeterThread: Thread is done: Concurrent Users 1-8
2025-04-28 01:43:01,395 INFO o.a.j.t.JMeterThread: Thread finished: Concurrent Users 1-8
2025-04-28 01:43:01,426 INFO o.a.j.t.JMeterThread: Thread started: Concurrent Users 1-14
2025-04-28 01:43:01,525 INFO o.a.j.t.JMeterThread: Thread started: Concurrent Users 1-15
2025-04-28 01:43:01,625 INFO o.a.j.t.JMeterThread: Thread started: Concurrent Users 1-16
2025-04-28 01:43:01,649 INFO o.a.j.t.JMeterThread: Thread is done: Concurrent Users 1-10
2025-04-28 01:43:01,653 INFO o.a.j.t.JMeterThread: Thread finished: Concurrent Users 1-10
2025-04-28 01:43:01,657 INFO o.a.j.t.JMeterThread: Thread is done: Concurrent Users 1-5
2025-04-28 01:43:01,657 INFO o.a.j.t.JMeterThread: Thread finished: Concurrent Users 1-5
2025-04-28 01:43:01,727 INFO o.a.j.t.JMeterThread: Thread started: Concurrent Users 1-17
2025-04-28 01:43:01,762 INFO o.a.j.t.JMeterThread: Thread is done: Concurrent Users 1-6
2025-04-28 01:43:01,763 INFO o.a.j.t.JMeterThread: Thread finished: Concurrent Users 1-6
2025-04-28 01:43:01,825 INFO o.a.j.t.JMeterThread: Thread started: Concurrent Users 1-18
2025-04-28 01:43:01,834 INFO o.a.j.t.JMeterThread: Thread is done: Concurrent Users 1-12
2025-04-28 01:43:01,834 INFO o.a.j.t.JMeterThread: Thread finished: Concurrent Users 1-12
2025-04-28 01:43:01,920 INFO o.a.j.t.JMeterThread: Thread is done: Concurrent Users 1-13
2025-04-28 01:43:01,921 INFO o.a.j.t.JMeterThread: Thread finished: Concurrent Users 1-13
2025-04-28 01:43:01,924 INFO o.a.j.t.JMeterThread: Thread started: Concurrent Users 1-19
2025-04-28 01:43:02,001 INFO o.a.j.t.JMeterThread: Thread is done: Concurrent Users 1-9
2025-04-28 01:43:02,001 INFO o.a.j.t.JMeterThread: Thread finished: Concurrent Users 1-9
2025-04-28 01:43:02,017 INFO o.a.j.t.JMeterThread: Thread is done: Concurrent Users 1-14
2025-04-28 01:43:02,017 INFO o.a.j.t.JMeterThread: Thread finished: Concurrent Users 1-14
2025-04-28 01:43:02,022 INFO o.a.j.t.JMeterThread: Thread started: Concurrent Users 1-20
2025-04-28 01:43:02,125 INFO o.a.j.t.JMeterThread: Thread started: Concurrent Users 1-21
2025-04-28 01:43:02,169 INFO o.a.j.t.JMeterThread: Thread is done: Concurrent Users 1-16
2025-04-28 01:43:02,169 INFO o.a.j.t.JMeterThread: Thread finished: Concurrent Users 1-16
2025-04-28 01:43:02,181 INFO o.a.j.t.JMeterThread: Thread is done: Concurrent Users 1-11
2025-04-28 01:43:02,181 INFO o.a.j.t.JMeterThread: Thread finished: Concurrent Users 1-11
2025-04-28 01:43:02,225 INFO o.a.j.t.JMeterThread: Thread started: Concurrent Users 1-22
2025-04-28 01:43:02,291 INFO o.a.j.t.JMeterThread: Thread is done: Concurrent Users 1-17
2025-04-28 01:43:02,292 INFO o.a.j.t.JMeterThread: Thread finished: Concurrent Users 1-17
2025-04-28 01:43:02,326 INFO o.a.j.t.JMeterThread: Thread started: Concurrent Users 1-23
2025-04-28 01:43:02,367 INFO o.a.j.t.JMeterThread: Thread is done: Concurrent Users 1-18
2025-04-28 01:43:02,367 INFO o.a.j.t.JMeterThread: Thread finished: Concurrent Users 1-18
2025-04-28 01:43:02,425 INFO o.a.j.t.JMeterThread: Thread started: Concurrent Users 1-24
2025-04-28 01:43:02,439 INFO o.a.j.t.JMeterThread: Thread is done: Concurrent Users 1-19
2025-04-28 01:43:02,439 INFO o.a.j.t.JMeterThread: Thread finished: Concurrent Users 1-19
2025-04-28 01:43:02,525 INFO o.a.j.t.JMeterThread: Thread started: Concurrent Users 1-25
2025-04-28 01:43:02,525 INFO o.a.j.t.JMeterThread: Thread is done: Concurrent Users 1-15
2025-04-28 01:43:02,525 INFO o.a.j.t.JMeterThread: Thread finished: Concurrent Users 1-15
2025-04-28 01:43:02,611 INFO o.a.j.t.JMeterThread: Thread is done: Concurrent Users 1-20
2025-04-28 01:43:02,611 INFO o.a.j.t.JMeterThread: Thread finished: Concurrent Users 1-20
2025-04-28 01:43:02,623 INFO o.a.j.t.JMeterThread: Thread started: Concurrent Users 1-26
2025-04-28 01:43:02,697 INFO o.a.j.t.JMeterThread: Thread is done: Concurrent Users 1-21
2025-04-28 01:43:02,698 INFO o.a.j.t.JMeterThread: Thread finished: Concurrent Users 1-21
2025-04-28 01:43:02,724 INFO o.a.j.t.JMeterThread: Thread started: Concurrent Users 1-27
2025-04-28 01:43:02,815 INFO o.a.j.t.JMeterThread: Thread is done: Concurrent Users 1-22
2025-04-28 01:43:02,816 INFO o.a.j.t.JMeterThread: Thread finished: Concurrent Users 1-22
2025-04-28 01:43:02,824 INFO o.a.j.t.JMeterThread: Thread started: Concurrent Users 1-28
2025-04-28 01:43:02,885 INFO o.a.j.t.JMeterThread: Thread is done: Concurrent Users 1-23
2025-04-28 01:43:02,885 INFO o.a.j.t.JMeterThread: Thread finished: Concurrent Users 1-23
2025-04-28 01:43:02,926 INFO o.a.j.t.JMeterThread: Thread started: Concurrent Users 1-29
2025-04-28 01:43:02,986 INFO o.a.j.t.JMeterThread: Thread is done: Concurrent Users 1-24
2025-04-28 01:43:02,986 INFO o.a.j.t.JMeterThread: Thread finished: Concurrent Users 1-24
2025-04-28 01:43:03,026 INFO o.a.j.t.JMeterThread: Thread started: Concurrent Users 1-30
2025-04-28 01:43:03,065 INFO o.a.j.t.JMeterThread: Thread is done: Concurrent Users 1-25
2025-04-28 01:43:03,066 INFO o.a.j.t.JMeterThread: Thread finished: Concurrent Users 1-25
2025-04-28 01:43:03,119 INFO o.a.j.t.JMeterThread: Thread is done: Concurrent Users 1-26
2025-04-28 01:43:03,119 INFO o.a.j.t.JMeterThread: Thread finished: Concurrent Users 1-26
2025-04-28 01:43:03,125 INFO o.a.j.t.JMeterThread: Thread started: Concurrent Users 1-31
2025-04-28 01:43:03,225 INFO o.a.j.t.JMeterThread: Thread started: Concurrent Users 1-32
2025-04-28 01:43:03,326 INFO o.a.j.t.JMeterThread: Thread started: Concurrent Users 1-33
2025-04-28 01:43:03,335 INFO o.a.j.t.JMeterThread: Thread is done: Concurrent Users 1-27
2025-04-28 01:43:03,335 INFO o.a.j.t.JMeterThread: Thread finished: Concurrent Users 1-27
2025-04-28 01:43:03,409 INFO o.a.j.t.JMeterThread: Thread is done: Concurrent Users 1-28
2025-04-28 01:43:03,410 INFO o.a.j.t.JMeterThread: Thread finished: Concurrent Users 1-28
2025-04-28 01:43:03,425 INFO o.a.j.t.JMeterThread: Thread started: Concurrent Users 1-34
2025-04-28 01:43:03,495 INFO o.a.j.t.JMeterThread: Thread is done: Concurrent Users 1-29
2025-04-28 01:43:03,495 INFO o.a.j.t.JMeterThread: Thread finished: Concurrent Users 1-29
2025-04-28 01:43:03,523 INFO o.a.j.t.JMeterThread: Thread started: Concurrent Users 1-35
2025-04-28 01:43:03,592 INFO o.a.j.t.JMeterThread: Thread is done: Concurrent Users 1-30
2025-04-28 01:43:03,592 INFO o.a.j.t.JMeterThread: Thread finished: Concurrent Users 1-30
2025-04-28 01:43:03,626 INFO o.a.j.t.JMeterThread: Thread started: Concurrent Users 1-36
2025-04-28 01:43:03,670 INFO o.a.j.t.JMeterThread: Thread is done: Concurrent Users 1-31
2025-04-28 01:43:03,670 INFO o.a.j.t.JMeterThread: Thread finished: Concurrent Users 1-31
2025-04-28 01:43:03,723 INFO o.a.j.t.JMeterThread: Thread started: Concurrent Users 1-37
2025-04-28 01:43:03,750 INFO o.a.j.t.JMeterThread: Thread is done: Concurrent Users 1-32
2025-04-28 01:43:03,750 INFO o.a.j.t.JMeterThread: Thread finished: Concurrent Users 1-32
2025-04-28 01:43:03,822 INFO o.a.j.t.JMeterThread: Thread started: Concurrent Users 1-38
2025-04-28 01:43:03,922 INFO o.a.j.t.JMeterThread: Thread started: Concurrent Users 1-39
2025-04-28 01:43:03,931 INFO o.a.j.t.JMeterThread: Thread is done: Concurrent Users 1-33
2025-04-28 01:43:03,931 INFO o.a.j.t.JMeterThread: Thread finished: Concurrent Users 1-33
2025-04-28 01:43:04,010 INFO o.a.j.t.JMeterThread: Thread is done: Concurrent Users 1-34
2025-04-28 01:43:04,010 INFO o.a.j.t.JMeterThread: Thread finished: Concurrent Users 1-34
2025-04-28 01:43:04,022 INFO o.a.j.t.JMeterThread: Thread started: Concurrent Users 1-40
2025-04-28 01:43:04,100 INFO o.a.j.t.JMeterThread: Thread is done: Concurrent Users 1-35
2025-04-28 01:43:04,100 INFO o.a.j.t.JMeterThread: Thread finished: Concurrent Users 1-35
2025-04-28 01:43:04,123 INFO o.a.j.t.JMeterThread: Thread started: Concurrent Users 1-41
2025-04-28 01:43:04,180 INFO o.a.j.t.JMeterThread: Thread is done: Concurrent Users 1-36
2025-04-28 01:43:04,181 INFO o.a.j.t.JMeterThread: Thread finished: Concurrent Users 1-36
2025-04-28 01:43:04,226 INFO o.a.j.t.JMeterThread: Thread started: Concurrent Users 1-42
2025-04-28 01:43:04,261 INFO o.a.j.t.JMeterThread: Thread is done: Concurrent Users 1-37
2025-04-28 01:43:04,261 INFO o.a.j.t.JMeterThread: Thread finished: Concurrent Users 1-37
2025-04-28 01:43:04,322 INFO o.a.j.t.JMeterThread: Thread started: Concurrent Users 1-43
2025-04-28 01:43:04,383 INFO o.a.j.t.JMeterThread: Thread is done: Concurrent Users 1-38
2025-04-28 01:43:04,383 INFO o.a.j.t.JMeterThread: Thread finished: Concurrent Users 1-38
2025-04-28 01:43:04,429 INFO o.a.j.t.JMeterThread: Thread started: Concurrent Users 1-44
2025-04-28 01:43:04,458 INFO o.a.j.t.JMeterThread: Thread is done: Concurrent Users 1-39
2025-04-28 01:43:04,458 INFO o.a.j.t.JMeterThread: Thread finished: Concurrent Users 1-39
2025-04-28 01:43:04,525 INFO o.a.j.t.JMeterThread: Thread started: Concurrent Users 1-45
2025-04-28 01:43:04,538 INFO o.a.j.t.JMeterThread: Thread is done: Concurrent Users 1-40
2025-04-28 01:43:04,538 INFO o.a.j.t.JMeterThread: Thread finished: Concurrent Users 1-40
2025-04-28 01:43:04,621 INFO o.a.j.t.JMeterThread: Thread started: Concurrent Users 1-46
2025-04-28 01:43:04,627 INFO o.a.j.t.JMeterThread: Thread is done: Concurrent Users 1-41
2025-04-28 01:43:04,627 INFO o.a.j.t.JMeterThread: Thread finished: Concurrent Users 1-41
2025-04-28 01:43:04,726 INFO o.a.j.t.JMeterThread: Thread started: Concurrent Users 1-47
2025-04-28 01:43:04,777 INFO o.a.j.t.JMeterThread: Thread is done: Concurrent Users 1-42
2025-04-28 01:43:04,777 INFO o.a.j.t.JMeterThread: Thread finished: Concurrent Users 1-42
2025-04-28 01:43:04,822 INFO o.a.j.t.JMeterThread: Thread started: Concurrent Users 1-48
2025-04-28 01:43:04,911 INFO o.a.j.t.JMeterThread: Thread is done: Concurrent Users 1-43
2025-04-28 01:43:04,911 INFO o.a.j.t.JMeterThread: Thread finished: Concurrent Users 1-43
2025-04-28 01:43:04,929 INFO o.a.j.t.JMeterThread: Thread started: Concurrent Users 1-49
2025-04-28 01:43:04,984 INFO o.a.j.t.JMeterThread: Thread is done: Concurrent Users 1-44
2025-04-28 01:43:04,984 INFO o.a.j.t.JMeterThread: Thread finished: Concurrent Users 1-44
2025-04-28 01:43:05,025 INFO o.a.j.t.JMeterThread: Thread started: Concurrent Users 1-50
2025-04-28 01:43:05,116 INFO o.a.j.t.JMeterThread: Thread is done: Concurrent Users 1-45
2025-04-28 01:43:05,116 INFO o.a.j.t.JMeterThread: Thread finished: Concurrent Users 1-45
2025-04-28 01:43:05,195 INFO o.a.j.t.JMeterThread: Thread is done: Concurrent Users 1-46
2025-04-28 01:43:05,195 INFO o.a.j.t.JMeterThread: Thread finished: Concurrent Users 1-46
2025-04-28 01:43:05,319 INFO o.a.j.t.JMeterThread: Thread is done: Concurrent Users 1-47
2025-04-28 01:43:05,319 INFO o.a.j.t.JMeterThread: Thread finished: Concurrent Users 1-47
2025-04-28 01:43:05,429 INFO o.a.j.t.JMeterThread: Thread is done: Concurrent Users 1-48
2025-04-28 01:43:05,429 INFO o.a.j.t.JMeterThread: Thread finished: Concurrent Users 1-48
2025-04-28 01:43:05,508 INFO o.a.j.t.JMeterThread: Thread is done: Concurrent Users 1-49
2025-04-28 01:43:05,509 INFO o.a.j.t.JMeterThread: Thread finished: Concurrent Users 1-49
2025-04-28 01:43:05,587 INFO o.a.j.t.JMeterThread: Thread is done: Concurrent Users 1-50
2025-04-28 01:43:05,587 INFO o.a.j.t.JMeterThread: Thread finished: Concurrent Users 1-50
2025-04-28 01:43:05,588 INFO o.a.j.e.StandardJMeterEngine: Notifying test listeners of end of test
2025-04-28 01:43:05,588 INFO o.a.j.g.u.JMeterMenuBar: setRunning(false, *local*)
2025-04-28 01:43:38,394 INFO o.a.j.e.StandardJMeterEngine: Running the test!
2025-04-28 01:43:38,395 INFO o.a.j.s.SampleEvent: List of sample_variables: []
2025-04-28 01:43:38,399 INFO o.a.j.g.u.JMeterMenuBar: setRunning(true, *local*)
2025-04-28 01:43:38,481 INFO o.a.j.e.StandardJMeterEngine: Starting ThreadGroup: 1 : Concurrent Users
2025-04-28 01:43:38,481 INFO o.a.j.e.StandardJMeterEngine: Starting 50 threads for group Concurrent Users.
2025-04-28 01:43:38,481 INFO o.a.j.e.StandardJMeterEngine: Thread will continue on error
2025-04-28 01:43:38,481 INFO o.a.j.t.ThreadGroup: Starting thread group... number=1 threads=50 ramp-up=5 delayedStart=false
2025-04-28 01:43:38,482 INFO o.a.j.t.JMeterThread: Thread started: Concurrent Users 1-1
2025-04-28 01:43:38,488 INFO o.a.j.t.ThreadGroup: Started thread group number 1
2025-04-28 01:43:38,488 INFO o.a.j.e.StandardJMeterEngine: All thread groups have been started
2025-04-28 01:43:38,586 INFO o.a.j.t.JMeterThread: Thread started: Concurrent Users 1-2
2025-04-28 01:43:38,683 INFO o.a.j.t.JMeterThread: Thread started: Concurrent Users 1-3
2025-04-28 01:43:38,786 INFO o.a.j.t.JMeterThread: Thread started: Concurrent Users 1-4
2025-04-28 01:43:38,886 INFO o.a.j.t.JMeterThread: Thread started: Concurrent Users 1-5
2025-04-28 01:43:38,986 INFO o.a.j.t.JMeterThread: Thread started: Concurrent Users 1-6
2025-04-28 01:43:39,061 INFO o.a.j.t.JMeterThread: Thread is done: Concurrent Users 1-1
2025-04-28 01:43:39,061 INFO o.a.j.t.JMeterThread: Thread finished: Concurrent Users 1-1
2025-04-28 01:43:39,085 INFO o.a.j.t.JMeterThread: Thread started: Concurrent Users 1-7
2025-04-28 01:43:39,165 INFO o.a.j.t.JMeterThread: Thread is done: Concurrent Users 1-2
2025-04-28 01:43:39,165 INFO o.a.j.t.JMeterThread: Thread finished: Concurrent Users 1-2
2025-04-28 01:43:39,183 INFO o.a.j.t.JMeterThread: Thread started: Concurrent Users 1-8
2025-04-28 01:43:39,249 INFO o.a.j.t.JMeterThread: Thread is done: Concurrent Users 1-3
2025-04-28 01:43:39,249 INFO o.a.j.t.JMeterThread: Thread finished: Concurrent Users 1-3
2025-04-28 01:43:39,283 INFO o.a.j.t.JMeterThread: Thread started: Concurrent Users 1-9
2025-04-28 01:43:39,304 INFO o.a.j.t.JMeterThread: Thread is done: Concurrent Users 1-4
2025-04-28 01:43:39,304 INFO o.a.j.t.JMeterThread: Thread finished: Concurrent Users 1-4
2025-04-28 01:43:39,383 INFO o.a.j.t.JMeterThread: Thread started: Concurrent Users 1-10
2025-04-28 01:43:39,486 INFO o.a.j.t.JMeterThread: Thread started: Concurrent Users 1-11
2025-04-28 01:43:39,504 INFO o.a.j.t.JMeterThread: Thread is done: Concurrent Users 1-6
2025-04-28 01:43:39,504 INFO o.a.j.t.JMeterThread: Thread finished: Concurrent Users 1-6
2025-04-28 01:43:39,507 INFO o.a.j.t.JMeterThread: Thread is done: Concurrent Users 1-5
2025-04-28 01:43:39,507 INFO o.a.j.t.JMeterThread: Thread finished: Concurrent Users 1-5
2025-04-28 01:43:39,586 INFO o.a.j.t.JMeterThread: Thread started: Concurrent Users 1-12
2025-04-28 01:43:39,661 INFO o.a.j.t.JMeterThread: Thread is done: Concurrent Users 1-7
2025-04-28 01:43:39,661 INFO o.a.j.t.JMeterThread: Thread finished: Concurrent Users 1-7
2025-04-28 01:43:39,686 INFO o.a.j.t.JMeterThread: Thread started: Concurrent Users 1-13
2025-04-28 01:43:39,760 INFO o.a.j.t.JMeterThread: Thread is done: Concurrent Users 1-8
2025-04-28 01:43:39,760 INFO o.a.j.t.JMeterThread: Thread finished: Concurrent Users 1-8
2025-04-28 01:43:39,784 INFO o.a.j.t.JMeterThread: Thread started: Concurrent Users 1-14
2025-04-28 01:43:39,843 INFO o.a.j.t.JMeterThread: Thread is done: Concurrent Users 1-9
2025-04-28 01:43:39,843 INFO o.a.j.t.JMeterThread: Thread finished: Concurrent Users 1-9
2025-04-28 01:43:39,884 INFO o.a.j.t.JMeterThread: Thread started: Concurrent Users 1-15
2025-04-28 01:43:39,926 INFO o.a.j.t.JMeterThread: Thread is done: Concurrent Users 1-10
2025-04-28 01:43:39,927 INFO o.a.j.t.JMeterThread: Thread finished: Concurrent Users 1-10
2025-04-28 01:43:39,985 INFO o.a.j.t.JMeterThread: Thread started: Concurrent Users 1-16
2025-04-28 01:43:40,028 INFO o.a.j.t.JMeterThread: Thread is done: Concurrent Users 1-11
2025-04-28 01:43:40,029 INFO o.a.j.t.JMeterThread: Thread finished: Concurrent Users 1-11
2025-04-28 01:43:40,083 INFO o.a.j.t.JMeterThread: Thread started: Concurrent Users 1-17
2025-04-28 01:43:40,105 INFO o.a.j.t.JMeterThread: Thread is done: Concurrent Users 1-12
2025-04-28 01:43:40,105 INFO o.a.j.t.JMeterThread: Thread finished: Concurrent Users 1-12
2025-04-28 01:43:40,185 INFO o.a.j.t.JMeterThread: Thread started: Concurrent Users 1-18
2025-04-28 01:43:40,197 INFO o.a.j.t.JMeterThread: Thread is done: Concurrent Users 1-13
2025-04-28 01:43:40,197 INFO o.a.j.t.JMeterThread: Thread finished: Concurrent Users 1-13
2025-04-28 01:43:40,283 INFO o.a.j.t.JMeterThread: Thread started: Concurrent Users 1-19
2025-04-28 01:43:40,359 INFO o.a.j.t.JMeterThread: Thread is done: Concurrent Users 1-14
2025-04-28 01:43:40,359 INFO o.a.j.t.JMeterThread: Thread finished: Concurrent Users 1-14
2025-04-28 01:43:40,382 INFO o.a.j.t.JMeterThread: Thread started: Concurrent Users 1-20
2025-04-28 01:43:40,444 INFO o.a.j.t.JMeterThread: Thread is done: Concurrent Users 1-15
2025-04-28 01:43:40,444 INFO o.a.j.t.JMeterThread: Thread finished: Concurrent Users 1-15
2025-04-28 01:43:40,484 INFO o.a.j.t.JMeterThread: Thread started: Concurrent Users 1-21
2025-04-28 01:43:40,561 INFO o.a.j.t.JMeterThread: Thread is done: Concurrent Users 1-16
2025-04-28 01:43:40,565 INFO o.a.j.t.JMeterThread: Thread finished: Concurrent Users 1-16
2025-04-28 01:43:40,584 INFO o.a.j.t.JMeterThread: Thread started: Concurrent Users 1-22
2025-04-28 01:43:40,635 INFO o.a.j.t.JMeterThread: Thread is done: Concurrent Users 1-17
2025-04-28 01:43:40,635 INFO o.a.j.t.JMeterThread: Thread finished: Concurrent Users 1-17
2025-04-28 01:43:40,687 INFO o.a.j.t.JMeterThread: Thread started: Concurrent Users 1-23
2025-04-28 01:43:40,729 INFO o.a.j.t.JMeterThread: Thread is done: Concurrent Users 1-18
2025-04-28 01:43:40,729 INFO o.a.j.t.JMeterThread: Thread finished: Concurrent Users 1-18
2025-04-28 01:43:40,785 INFO o.a.j.t.JMeterThread: Thread started: Concurrent Users 1-24
2025-04-28 01:43:40,799 INFO o.a.j.t.JMeterThread: Thread is done: Concurrent Users 1-19
2025-04-28 01:43:40,800 INFO o.a.j.t.JMeterThread: Thread finished: Concurrent Users 1-19
2025-04-28 01:43:40,887 INFO o.a.j.t.JMeterThread: Thread started: Concurrent Users 1-25
2025-04-28 01:43:40,950 INFO o.a.j.t.JMeterThread: Thread is done: Concurrent Users 1-20
2025-04-28 01:43:40,950 INFO o.a.j.t.JMeterThread: Thread finished: Concurrent Users 1-20
2025-04-28 01:43:40,985 INFO o.a.j.t.JMeterThread: Thread started: Concurrent Users 1-26
2025-04-28 01:43:41,086 INFO o.a.j.t.JMeterThread: Thread is done: Concurrent Users 1-21
2025-04-28 01:43:41,086 INFO o.a.j.t.JMeterThread: Thread finished: Concurrent Users 1-21
2025-04-28 01:43:41,086 INFO o.a.j.t.JMeterThread: Thread started: Concurrent Users 1-27
2025-04-28 01:43:41,163 INFO o.a.j.t.JMeterThread: Thread is done: Concurrent Users 1-22
2025-04-28 01:43:41,163 INFO o.a.j.t.JMeterThread: Thread finished: Concurrent Users 1-22
2025-04-28 01:43:41,184 INFO o.a.j.t.JMeterThread: Thread started: Concurrent Users 1-28
2025-04-28 01:43:41,244 INFO o.a.j.t.JMeterThread: Thread is done: Concurrent Users 1-23
2025-04-28 01:43:41,244 INFO o.a.j.t.JMeterThread: Thread finished: Concurrent Users 1-23
2025-04-28 01:43:41,286 INFO o.a.j.t.JMeterThread: Thread started: Concurrent Users 1-29
2025-04-28 01:43:41,332 INFO o.a.j.t.JMeterThread: Thread is done: Concurrent Users 1-24
2025-04-28 01:43:41,332 INFO o.a.j.t.JMeterThread: Thread finished: Concurrent Users 1-24
2025-04-28 01:43:41,383 INFO o.a.j.t.JMeterThread: Thread started: Concurrent Users 1-30
2025-04-28 01:43:41,418 INFO o.a.j.t.JMeterThread: Thread is done: Concurrent Users 1-25
2025-04-28 01:43:41,418 INFO o.a.j.t.JMeterThread: Thread finished: Concurrent Users 1-25
2025-04-28 01:43:41,485 INFO o.a.j.t.JMeterThread: Thread started: Concurrent Users 1-31
2025-04-28 01:43:41,584 INFO o.a.j.t.JMeterThread: Thread started: Concurrent Users 1-32
2025-04-28 01:43:41,605 INFO o.a.j.t.JMeterThread: Thread is done: Concurrent Users 1-26
2025-04-28 01:43:41,605 INFO o.a.j.t.JMeterThread: Thread is done: Concurrent Users 1-27
2025-04-28 01:43:41,605 INFO o.a.j.t.JMeterThread: Thread finished: Concurrent Users 1-26
2025-04-28 01:43:41,605 INFO o.a.j.t.JMeterThread: Thread finished: Concurrent Users 1-27
2025-04-28 01:43:41,687 INFO o.a.j.t.JMeterThread: Thread started: Concurrent Users 1-33
2025-04-28 01:43:41,780 INFO o.a.j.t.JMeterThread: Thread is done: Concurrent Users 1-28
2025-04-28 01:43:41,781 INFO o.a.j.t.JMeterThread: Thread finished: Concurrent Users 1-28
2025-04-28 01:43:41,782 INFO o.a.j.t.JMeterThread: Thread started: Concurrent Users 1-34
2025-04-28 01:43:41,858 INFO o.a.j.t.JMeterThread: Thread is done: Concurrent Users 1-29
2025-04-28 01:43:41,858 INFO o.a.j.t.JMeterThread: Thread finished: Concurrent Users 1-29
2025-04-28 01:43:41,883 INFO o.a.j.t.JMeterThread: Thread started: Concurrent Users 1-35
2025-04-28 01:43:41,922 INFO o.a.j.t.JMeterThread: Thread is done: Concurrent Users 1-30
2025-04-28 01:43:41,922 INFO o.a.j.t.JMeterThread: Thread finished: Concurrent Users 1-30
2025-04-28 01:43:41,986 INFO o.a.j.t.JMeterThread: Thread started: Concurrent Users 1-36
2025-04-28 01:43:42,008 INFO o.a.j.t.JMeterThread: Thread is done: Concurrent Users 1-31
2025-04-28 01:43:42,008 INFO o.a.j.t.JMeterThread: Thread finished: Concurrent Users 1-31
2025-04-28 01:43:42,083 INFO o.a.j.t.JMeterThread: Thread started: Concurrent Users 1-37
2025-04-28 01:43:42,127 INFO o.a.j.t.JMeterThread: Thread is done: Concurrent Users 1-32
2025-04-28 01:43:42,128 INFO o.a.j.t.JMeterThread: Thread finished: Concurrent Users 1-32
2025-04-28 01:43:42,186 INFO o.a.j.t.JMeterThread: Thread started: Concurrent Users 1-38
2025-04-28 01:43:42,279 INFO o.a.j.t.JMeterThread: Thread is done: Concurrent Users 1-33
2025-04-28 01:43:42,280 INFO o.a.j.t.JMeterThread: Thread finished: Concurrent Users 1-33
2025-04-28 01:43:42,283 INFO o.a.j.t.JMeterThread: Thread started: Concurrent Users 1-39
2025-04-28 01:43:42,283 INFO o.a.j.t.JMeterThread: Thread is done: Concurrent Users 1-34
2025-04-28 01:43:42,283 INFO o.a.j.t.JMeterThread: Thread finished: Concurrent Users 1-34
2025-04-28 01:43:42,386 INFO o.a.j.t.JMeterThread: Thread started: Concurrent Users 1-40
2025-04-28 01:43:42,444 INFO o.a.j.t.JMeterThread: Thread is done: Concurrent Users 1-35
2025-04-28 01:43:42,444 INFO o.a.j.t.JMeterThread: Thread finished: Concurrent Users 1-35
2025-04-28 01:43:42,482 INFO o.a.j.t.JMeterThread: Thread started: Concurrent Users 1-41
2025-04-28 01:43:42,527 INFO o.a.j.t.JMeterThread: Thread is done: Concurrent Users 1-36
2025-04-28 01:43:42,528 INFO o.a.j.t.JMeterThread: Thread finished: Concurrent Users 1-36
2025-04-28 01:43:42,586 INFO o.a.j.t.JMeterThread: Thread started: Concurrent Users 1-42
2025-04-28 01:43:42,660 INFO o.a.j.t.JMeterThread: Thread is done: Concurrent Users 1-37
2025-04-28 01:43:42,661 INFO o.a.j.t.JMeterThread: Thread finished: Concurrent Users 1-37
2025-04-28 01:43:42,686 INFO o.a.j.t.JMeterThread: Thread started: Concurrent Users 1-43
2025-04-28 01:43:42,736 INFO o.a.j.t.JMeterThread: Thread is done: Concurrent Users 1-38
2025-04-28 01:43:42,736 INFO o.a.j.t.JMeterThread: Thread finished: Concurrent Users 1-38
2025-04-28 01:43:42,786 INFO o.a.j.t.JMeterThread: Thread started: Concurrent Users 1-44
2025-04-28 01:43:42,825 INFO o.a.j.t.JMeterThread: Thread is done: Concurrent Users 1-39
2025-04-28 01:43:42,826 INFO o.a.j.t.JMeterThread: Thread finished: Concurrent Users 1-39
2025-04-28 01:43:42,886 INFO o.a.j.t.JMeterThread: Thread started: Concurrent Users 1-45
2025-04-28 01:43:42,903 INFO o.a.j.t.JMeterThread: Thread is done: Concurrent Users 1-40
2025-04-28 01:43:42,904 INFO o.a.j.t.JMeterThread: Thread finished: Concurrent Users 1-40
2025-04-28 01:43:42,984 INFO o.a.j.t.JMeterThread: Thread started: Concurrent Users 1-46
2025-04-28 01:43:43,071 INFO o.a.j.t.JMeterThread: Thread is done: Concurrent Users 1-41
2025-04-28 01:43:43,071 INFO o.a.j.t.JMeterThread: Thread finished: Concurrent Users 1-41
2025-04-28 01:43:43,086 INFO o.a.j.t.JMeterThread: Thread started: Concurrent Users 1-47
2025-04-28 01:43:43,186 INFO o.a.j.t.JMeterThread: Thread is done: Concurrent Users 1-42
2025-04-28 01:43:43,186 INFO o.a.j.t.JMeterThread: Thread finished: Concurrent Users 1-42
2025-04-28 01:43:43,187 INFO o.a.j.t.JMeterThread: Thread started: Concurrent Users 1-48
2025-04-28 01:43:43,276 INFO o.a.j.t.JMeterThread: Thread is done: Concurrent Users 1-43
2025-04-28 01:43:43,276 INFO o.a.j.t.JMeterThread: Thread finished: Concurrent Users 1-43
2025-04-28 01:43:43,287 INFO o.a.j.t.JMeterThread: Thread started: Concurrent Users 1-49
2025-04-28 01:43:43,343 INFO o.a.j.t.JMeterThread: Thread is done: Concurrent Users 1-44
2025-04-28 01:43:43,343 INFO o.a.j.t.JMeterThread: Thread finished: Concurrent Users 1-44
2025-04-28 01:43:43,383 INFO o.a.j.t.JMeterThread: Thread started: Concurrent Users 1-50
2025-04-28 01:43:43,435 INFO o.a.j.t.JMeterThread: Thread is done: Concurrent Users 1-45
2025-04-28 01:43:43,436 INFO o.a.j.t.JMeterThread: Thread finished: Concurrent Users 1-45
2025-04-28 01:43:43,511 INFO o.a.j.t.JMeterThread: Thread is done: Concurrent Users 1-46
2025-04-28 01:43:43,511 INFO o.a.j.t.JMeterThread: Thread finished: Concurrent Users 1-46
2025-04-28 01:43:43,700 INFO o.a.j.t.JMeterThread: Thread is done: Concurrent Users 1-47
2025-04-28 01:43:43,701 INFO o.a.j.t.JMeterThread: Thread is done: Concurrent Users 1-48
2025-04-28 01:43:43,701 INFO o.a.j.t.JMeterThread: Thread finished: Concurrent Users 1-47
2025-04-28 01:43:43,701 INFO o.a.j.t.JMeterThread: Thread finished: Concurrent Users 1-48
2025-04-28 01:43:43,855 INFO o.a.j.t.JMeterThread: Thread is done: Concurrent Users 1-49
2025-04-28 01:43:43,856 INFO o.a.j.t.JMeterThread: Thread finished: Concurrent Users 1-49
2025-04-28 01:43:43,938 INFO o.a.j.t.JMeterThread: Thread is done: Concurrent Users 1-50
2025-04-28 01:43:43,938 INFO o.a.j.t.JMeterThread: Thread finished: Concurrent Users 1-50
2025-04-28 01:43:43,938 INFO o.a.j.e.StandardJMeterEngine: Notifying test listeners of end of test
2025-04-28 01:43:43,938 INFO o.a.j.g.u.JMeterMenuBar: setRunning(false, *local*)
